{"timestamp": "2026-05-13 13:52:02.837", "level": "INFO", "message": "\n============================================================", "module": "main_window", "func_name": "_load_plugins", "line_number": 233, "context": {}}
{"timestamp": "2026-05-13 13:52:02.840", "level": "INFO", "message": "正在加载插件...", "module": "main_window", "func_name": "_load_plugins", "line_number": 234, "context": {}}
{"timestamp": "2026-05-13 13:52:02.840", "level": "INFO", "message": "============================================================", "module": "main_window", "func_name": "_load_plugins", "line_number": 235, "context": {}}
{"timestamp": "2026-05-13 13:52:02.846", "level": "INFO", "message": "\n📦 扫描内置插件 (builtin)...", "module": "plugin_manager", "func_name": "scan_plugins", "line_number": 82, "context": {}}
{"timestamp": "2026-05-13 13:52:02.852", "level": "INFO", "message": "   ✅ builtin (source: builtin, new structure)", "module": "plugin_manager", "func_name": "_scan_directory", "line_number": 120, "context": {}}
{"timestamp": "2026-05-13 13:52:02.854", "level": "INFO", "message": "\n📦 扫描市场插件 (marketplace)...", "module": "plugin_manager", "func_name": "scan_plugins", "line_number": 88, "context": {}}
{"timestamp": "2026-05-13 13:52:02.860", "level": "INFO", "message": "   ✅ ocr_vision (source: marketplace)", "module": "plugin_manager", "func_name": "_scan_directory", "line_number": 130, "context": {}}
{"timestamp": "2026-05-13 13:52:02.863", "level": "INFO", "message": "   ✅ yolo_vision (source: marketplace)", "module": "plugin_manager", "func_name": "_scan_directory", "line_number": 130, "context": {}}
{"timestamp": "2026-05-13 13:52:02.866", "level": "INFO", "message": "\n✅ 共扫描到 3 个插件", "module": "plugin_manager", "func_name": "scan_plugins", "line_number": 92, "context": {}}
{"timestamp": "2026-05-13 13:52:02.868", "level": "INFO", "message": "发现 3 个插件\n", "module": "main_window", "func_name": "_load_plugins", "line_number": 239, "context": {}}
{"timestamp": "2026-05-13 13:52:02.870", "level": "INFO", "message": "📦 待加载插件: 内置节点, OCR识别, YOLO视觉", "module": "main_window", "func_name": "_load_plugins", "line_number": 250, "context": {}}
{"timestamp": "2026-05-13 13:52:02.871", "level": "INFO", "message": "============================================================\n", "module": "main_window", "func_name": "_load_plugins", "line_number": 252, "context": {}}
{"timestamp": "2026-05-13 13:52:03.380", "level": "INFO", "message": "✅ ✅ 创建新工程: 默认工程", "module": "project_manager", "func_name": "create_project", "line_number": 433, "context": {}}
{"timestamp": "2026-05-13 13:52:03.391", "level": "INFO", "message": "\n============================================================", "module": "node_registry", "func_name": "register_nodes_to_graph", "line_number": 95, "context": {}}
{"timestamp": "2026-05-13 13:52:03.406", "level": "INFO", "message": "📦 开始注册节点到 NodeGraph", "module": "node_registry", "func_name": "register_nodes_to_graph", "line_number": 96, "context": {}}
{"timestamp": "2026-05-13 13:52:03.409", "level": "INFO", "message": "============================================================", "module": "node_registry", "func_name": "register_nodes_to_graph", "line_number": 97, "context": {}}
{"timestamp": "2026-05-13 13:52:03.415", "level": "INFO", "message": "发现 3 个插件", "module": "node_registry", "func_name": "register_nodes_to_graph", "line_number": 102, "context": {}}
{"timestamp": "2026-05-13 13:52:03.420", "level": "INFO", "message": "\n--- 处理插件: 内置节点 ---", "module": "node_registry", "func_name": "register_nodes_to_graph", "line_number": 107, "context": {}}
{"timestamp": "2026-05-13 13:52:03.758", "level": "INFO", "message": "   ✅ 注册节点: 图像操作", "module": "plugin_manager", "func_name": "load_plugin_nodes", "line_number": 383, "context": {}}
{"timestamp": "2026-05-13 13:52:03.762", "level": "INFO", "message": "   ✅ 注册节点: 灰度化", "module": "plugin_manager", "func_name": "load_plugin_nodes", "line_number": 383, "context": {}}
{"timestamp": "2026-05-13 13:52:03.765", "level": "INFO", "message": "   ✅ 注册节点: 高斯模糊", "module": "plugin_manager", "func_name": "load_plugin_nodes", "line_number": 383, "context": {}}
{"timestamp": "2026-05-13 13:52:03.769", "level": "INFO", "message": "   ✅ 注册节点: 中值滤波", "module": "plugin_manager", "func_name": "load_plugin_nodes", "line_number": 383, "context": {}}
{"timestamp": "2026-05-13 13:52:03.773", "level": "INFO", "message": "   ✅ 注册节点: 双边滤波", "module": "plugin_manager", "func_name": "load_plugin_nodes", "line_number": 383, "context": {}}
{"timestamp": "2026-05-13 13:52:03.778", "level": "INFO", "message": "   ✅ 注册节点: 亮度对比度", "module": "plugin_manager", "func_name": "load_plugin_nodes", "line_number": 383, "context": {}}
{"timestamp": "2026-05-13 13:52:03.784", "level": "INFO", "message": "   ✅ 注册节点: 直方图均衡化", "module": "plugin_manager", "func_name": "load_plugin_nodes", "line_number": 383, "context": {}}
{"timestamp": "2026-05-13 13:52:03.789", "level": "INFO", "message": "   ✅ 注册节点: 阈值二值化", "module": "plugin_manager", "func_name": "load_plugin_nodes", "line_number": 383, "context": {}}
{"timestamp": "2026-05-13 13:52:03.794", "level": "INFO", "message": "   ✅ 注册节点: 自适应阈值", "module": "plugin_manager", "func_name": "load_plugin_nodes", "line_number": 383, "context": {}}
{"timestamp": "2026-05-13 13:52:03.798", "level": "INFO", "message": "   ✅ 注册节点: 形态学操作", "module": "plugin_manager", "func_name": "load_plugin_nodes", "line_number": 383, "context": {}}
{"timestamp": "2026-05-13 13:52:03.802", "level": "INFO", "message": "   ✅ 注册节点: 图像缩放", "module": "plugin_manager", "func_name": "load_plugin_nodes", "line_number": 383, "context": {}}
{"timestamp": "2026-05-13 13:52:03.805", "level": "INFO", "message": "   ✅ 注册节点: 图像旋转", "module": "plugin_manager", "func_name": "load_plugin_nodes", "line_number": 383, "context": {}}
{"timestamp": "2026-05-13 13:52:03.811", "level": "INFO", "message": "   ✅ 注册节点: 图像评估", "module": "plugin_manager", "func_name": "load_plugin_nodes", "line_number": 383, "context": {}}
{"timestamp": "2026-05-13 13:52:03.813", "level": "INFO", "message": "   ✅ 注册节点: Canny算子", "module": "plugin_manager", "func_name": "load_plugin_nodes", "line_number": 383, "context": {}}
{"timestamp": "2026-05-13 13:52:03.817", "level": "INFO", "message": "   ✅ 注册节点: Sobel算子", "module": "plugin_manager", "func_name": "load_plugin_nodes", "line_number": 383, "context": {}}
{"timestamp": "2026-05-13 13:52:03.821", "level": "INFO", "message": "   ✅ 注册节点: 轮廓分析", "module": "plugin_manager", "func_name": "load_plugin_nodes", "line_number": 383, "context": {}}
{"timestamp": "2026-05-13 13:52:03.824", "level": "INFO", "message": "   ✅ 注册节点: Laplacian算子", "module": "plugin_manager", "func_name": "load_plugin_nodes", "line_number": 383, "context": {}}
{"timestamp": "2026-05-13 13:52:03.827", "level": "INFO", "message": "   ✅ 注册节点: Harris角点", "module": "plugin_manager", "func_name": "load_plugin_nodes", "line_number": 383, "context": {}}
{"timestamp": "2026-05-13 13:52:03.831", "level": "INFO", "message": "   ✅ 注册节点: Hough直线", "module": "plugin_manager", "func_name": "load_plugin_nodes", "line_number": 383, "context": {}}
{"timestamp": "2026-05-13 13:52:03.835", "level": "INFO", "message": "   ✅ 注册节点: Hough圆", "module": "plugin_manager", "func_name": "load_plugin_nodes", "line_number": 383, "context": {}}
{"timestamp": "2026-05-13 13:52:03.840", "level": "INFO", "message": "   ✅ 注册节点: 模板创建", "module": "plugin_manager", "func_name": "load_plugin_nodes", "line_number": 383, "context": {}}
{"timestamp": "2026-05-13 13:52:03.843", "level": "INFO", "message": "   ✅ 注册节点: 模板匹配", "module": "plugin_manager", "func_name": "load_plugin_nodes", "line_number": 383, "context": {}}
{"timestamp": "2026-05-13 13:52:03.845", "level": "INFO", "message": "   ✅ 注册节点: 加载图像", "module": "plugin_manager", "func_name": "load_plugin_nodes", "line_number": 383, "context": {}}
{"timestamp": "2026-05-13 13:52:03.853", "level": "INFO", "message": "   ✅ 注册节点: 保存图像", "module": "plugin_manager", "func_name": "load_plugin_nodes", "line_number": 383, "context": {}}
{"timestamp": "2026-05-13 13:52:03.858", "level": "INFO", "message": "   ✅ 注册节点: 图像显示", "module": "plugin_manager", "func_name": "load_plugin_nodes", "line_number": 383, "context": {}}
{"timestamp": "2026-05-13 13:52:03.861", "level": "INFO", "message": "   ✅ 注册节点: 相机采集", "module": "plugin_manager", "func_name": "load_plugin_nodes", "line_number": 383, "context": {}}
{"timestamp": "2026-05-13 13:52:03.865", "level": "INFO", "message": "   ✅ 注册节点: 实时预览", "module": "plugin_manager", "func_name": "load_plugin_nodes", "line_number": 383, "context": {}}
{"timestamp": "2026-05-13 13:52:03.868", "level": "INFO", "message": "   ✅ 注册节点: 视频录制", "module": "plugin_manager", "func_name": "load_plugin_nodes", "line_number": 383, "context": {}}
{"timestamp": "2026-05-13 13:52:03.871", "level": "INFO", "message": "   ✅ 注册节点: 快速检测", "module": "plugin_manager", "func_name": "load_plugin_nodes", "line_number": 383, "context": {}}
{"timestamp": "2026-05-13 13:52:03.876", "level": "INFO", "message": "   ✅ 注册节点: 数据显示", "module": "plugin_manager", "func_name": "load_plugin_nodes", "line_number": 383, "context": {}}
{"timestamp": "2026-05-13 13:52:03.881", "level": "INFO", "message": "   ✅ 注册节点: PLC通信", "module": "plugin_manager", "func_name": "load_plugin_nodes", "line_number": 383, "context": {}}
{"timestamp": "2026-05-13 13:52:03.884", "level": "INFO", "message": "   ✅ 注册节点: 数据输出", "module": "plugin_manager", "func_name": "load_plugin_nodes", "line_number": 383, "context": {}}
{"timestamp": "2026-05-13 13:52:03.888", "level": "INFO", "message": "   ✅ 注册节点: 机器人通信", "module": "plugin_manager", "func_name": "load_plugin_nodes", "line_number": 383, "context": {}}
{"timestamp": "2026-05-13 13:52:03.891", "level": "INFO", "message": "   ✅ 注册节点: 圆检测", "module": "plugin_manager", "func_name": "load_plugin_nodes", "line_number": 383, "context": {}}
{"timestamp": "2026-05-13 13:52:03.897", "level": "INFO", "message": "   ✅ 注册节点: 金字塔", "module": "plugin_manager", "func_name": "load_plugin_nodes", "line_number": 383, "context": {}}
{"timestamp": "2026-05-13 13:52:03.898", "level": "INFO", "message": "✅ 插件 内置节点 加载完成，注册 35 个节点", "module": "plugin_manager", "func_name": "load_plugin_nodes", "line_number": 387, "context": {}}
{"timestamp": "2026-05-13 13:52:03.924", "level": "INFO", "message": "   📋 注册到工作流: 图像操作", "module": "node_registry", "func_name": "register_nodes_to_graph", "line_number": 121, "context": {}}
{"timestamp": "2026-05-13 13:52:03.928", "level": "INFO", "message": "   📋 注册到工作流: 灰度化", "module": "node_registry", "func_name": "register_nodes_to_graph", "line_number": 121, "context": {}}
{"timestamp": "2026-05-13 13:52:03.931", "level": "INFO", "message": "   📋 注册到工作流: 高斯模糊", "module": "node_registry", "func_name": "register_nodes_to_graph", "line_number": 121, "context": {}}
{"timestamp": "2026-05-13 13:52:03.935", "level": "INFO", "message": "   📋 注册到工作流: 中值模糊", "module": "node_registry", "func_name": "register_nodes_to_graph", "line_number": 121, "context": {}}
{"timestamp": "2026-05-13 13:52:03.939", "level": "INFO", "message": "   📋 注册到工作流: 双边滤波", "module": "node_registry", "func_name": "register_nodes_to_graph", "line_number": 121, "context": {}}
{"timestamp": "2026-05-13 13:52:03.942", "level": "INFO", "message": "   📋 注册到工作流: 亮度对比度", "module": "node_registry", "func_name": "register_nodes_to_graph", "line_number": 121, "context": {}}
{"timestamp": "2026-05-13 13:52:03.946", "level": "INFO", "message": "   📋 注册到工作流: 直方图均衡化", "module": "node_registry", "func_name": "register_nodes_to_graph", "line_number": 121, "context": {}}
{"timestamp": "2026-05-13 13:52:03.949", "level": "INFO", "message": "   📋 注册到工作流: 阈值处理", "module": "node_registry", "func_name": "register_nodes_to_graph", "line_number": 121, "context": {}}
{"timestamp": "2026-05-13 13:52:03.953", "level": "INFO", "message": "   📋 注册到工作流: 自适应阈值", "module": "node_registry", "func_name": "register_nodes_to_graph", "line_number": 121, "context": {}}
{"timestamp": "2026-05-13 13:52:03.955", "level": "INFO", "message": "   📋 注册到工作流: 形态学", "module": "node_registry", "func_name": "register_nodes_to_graph", "line_number": 121, "context": {}}
{"timestamp": "2026-05-13 13:52:03.960", "level": "INFO", "message": "   📋 注册到工作流: 图像缩放", "module": "node_registry", "func_name": "register_nodes_to_graph", "line_number": 121, "context": {}}
{"timestamp": "2026-05-13 13:52:03.964", "level": "INFO", "message": "   📋 注册到工作流: 图像旋转", "module": "node_registry", "func_name": "register_nodes_to_graph", "line_number": 121, "context": {}}
{"timestamp": "2026-05-13 13:52:03.966", "level": "INFO", "message": "   📋 注册到工作流: 图像评估", "module": "node_registry", "func_name": "register_nodes_to_graph", "line_number": 121, "context": {}}
{"timestamp": "2026-05-13 13:52:03.969", "level": "INFO", "message": "   📋 注册到工作流: Canny算子", "module": "node_registry", "func_name": "register_nodes_to_graph", "line_number": 121, "context": {}}
{"timestamp": "2026-05-13 13:52:03.973", "level": "INFO", "message": "   📋 注册到工作流: Sobel算子", "module": "node_registry", "func_name": "register_nodes_to_graph", "line_number": 121, "context": {}}
{"timestamp": "2026-05-13 13:52:03.977", "level": "INFO", "message": "   📋 注册到工作流: 轮廓分析", "module": "node_registry", "func_name": "register_nodes_to_graph", "line_number": 121, "context": {}}
{"timestamp": "2026-05-13 13:52:03.980", "level": "INFO", "message": "   📋 注册到工作流: Laplacian算子", "module": "node_registry", "func_name": "register_nodes_to_graph", "line_number": 121, "context": {}}
{"timestamp": "2026-05-13 13:52:03.983", "level": "INFO", "message": "   📋 注册到工作流: Harris角点", "module": "node_registry", "func_name": "register_nodes_to_graph", "line_number": 121, "context": {}}
{"timestamp": "2026-05-13 13:52:03.986", "level": "INFO", "message": "   📋 注册到工作流: Hough直线", "module": "node_registry", "func_name": "register_nodes_to_graph", "line_number": 121, "context": {}}
{"timestamp": "2026-05-13 13:52:03.989", "level": "INFO", "message": "   📋 注册到工作流: Hough圆", "module": "node_registry", "func_name": "register_nodes_to_graph", "line_number": 121, "context": {}}
{"timestamp": "2026-05-13 13:52:03.993", "level": "INFO", "message": "   📋 注册到工作流: 模板创建", "module": "node_registry", "func_name": "register_nodes_to_graph", "line_number": 121, "context": {}}
{"timestamp": "2026-05-13 13:52:03.998", "level": "INFO", "message": "   📋 注册到工作流: 模板匹配", "module": "node_registry", "func_name": "register_nodes_to_graph", "line_number": 121, "context": {}}
{"timestamp": "2026-05-13 13:52:04.001", "level": "INFO", "message": "   📋 注册到工作流: 图像加载", "module": "node_registry", "func_name": "register_nodes_to_graph", "line_number": 121, "context": {}}
{"timestamp": "2026-05-13 13:52:04.003", "level": "INFO", "message": "   📋 注册到工作流: 图像保存", "module": "node_registry", "func_name": "register_nodes_to_graph", "line_number": 121, "context": {}}
{"timestamp": "2026-05-13 13:52:04.007", "level": "INFO", "message": "   📋 注册到工作流: 图像显示", "module": "node_registry", "func_name": "register_nodes_to_graph", "line_number": 121, "context": {}}
{"timestamp": "2026-05-13 13:52:04.011", "level": "INFO", "message": "   📋 注册到工作流: 相机采集", "module": "node_registry", "func_name": "register_nodes_to_graph", "line_number": 121, "context": {}}
{"timestamp": "2026-05-13 13:52:04.013", "level": "INFO", "message": "   📋 注册到工作流: 实时预览", "module": "node_registry", "func_name": "register_nodes_to_graph", "line_number": 121, "context": {}}
{"timestamp": "2026-05-13 13:52:04.016", "level": "INFO", "message": "   📋 注册到工作流: 视频录制", "module": "node_registry", "func_name": "register_nodes_to_graph", "line_number": 121, "context": {}}
{"timestamp": "2026-05-13 13:52:04.019", "level": "INFO", "message": "   📋 注册到工作流: 快速检测", "module": "node_registry", "func_name": "register_nodes_to_graph", "line_number": 121, "context": {}}
{"timestamp": "2026-05-13 13:52:04.022", "level": "INFO", "message": "   📋 注册到工作流: JSON显示", "module": "node_registry", "func_name": "register_nodes_to_graph", "line_number": 121, "context": {}}
{"timestamp": "2026-05-13 13:52:04.026", "level": "INFO", "message": "   📋 注册到工作流: PLC通信", "module": "node_registry", "func_name": "register_nodes_to_graph", "line_number": 121, "context": {}}
{"timestamp": "2026-05-13 13:52:04.028", "level": "INFO", "message": "   📋 注册到工作流: 数据输出", "module": "node_registry", "func_name": "register_nodes_to_graph", "line_number": 121, "context": {}}
{"timestamp": "2026-05-13 13:52:04.032", "level": "INFO", "message": "   📋 注册到工作流: 机器人通信", "module": "node_registry", "func_name": "register_nodes_to_graph", "line_number": 121, "context": {}}
{"timestamp": "2026-05-13 13:52:04.035", "level": "INFO", "message": "   📋 注册到工作流: 圆检测", "module": "node_registry", "func_name": "register_nodes_to_graph", "line_number": 121, "context": {}}
{"timestamp": "2026-05-13 13:52:04.039", "level": "INFO", "message": "   📋 注册到工作流: 金字塔", "module": "node_registry", "func_name": "register_nodes_to_graph", "line_number": 121, "context": {}}
{"timestamp": "2026-05-13 13:52:04.043", "level": "INFO", "message": "✅ ✅ 插件 内置节点 注册完成", "module": "node_registry", "func_name": "register_nodes_to_graph", "line_number": 124, "context": {}}
{"timestamp": "2026-05-13 13:52:04.044", "level": "INFO", "message": "\n--- 处理插件: OCR识别 ---", "module": "node_registry", "func_name": "register_nodes_to_graph", "line_number": 107, "context": {}}
{"timestamp": "2026-05-13 13:52:04.079", "level": "INFO", "message": "   ✅ 注册节点: OCR 文字识别", "module": "plugin_manager", "func_name": "load_plugin_nodes", "line_number": 383, "context": {}}
{"timestamp": "2026-05-13 13:52:04.083", "level": "INFO", "message": "   ✅ 注册节点: OCR 表格识别", "module": "plugin_manager", "func_name": "load_plugin_nodes", "line_number": 383, "context": {}}
{"timestamp": "2026-05-13 13:52:04.087", "level": "INFO", "message": "   ✅ 注册节点: OCR 版面分析", "module": "plugin_manager", "func_name": "load_plugin_nodes", "line_number": 383, "context": {}}
{"timestamp": "2026-05-13 13:52:04.090", "level": "INFO", "message": "✅ 插件 OCR识别 加载完成，注册 3 个节点", "module": "plugin_manager", "func_name": "load_plugin_nodes", "line_number": 387, "context": {}}
{"timestamp": "2026-05-13 13:52:04.103", "level": "INFO", "message": "   📋 注册到工作流: OCR 文字识别", "module": "node_registry", "func_name": "register_nodes_to_graph", "line_number": 121, "context": {}}
{"timestamp": "2026-05-13 13:52:04.105", "level": "INFO", "message": "   📋 注册到工作流: OCR 表格识别", "module": "node_registry", "func_name": "register_nodes_to_graph", "line_number": 121, "context": {}}
{"timestamp": "2026-05-13 13:52:04.108", "level": "INFO", "message": "   📋 注册到工作流: OCR 版面分析", "module": "node_registry", "func_name": "register_nodes_to_graph", "line_number": 121, "context": {}}
{"timestamp": "2026-05-13 13:52:04.113", "level": "INFO", "message": "✅ ✅ 插件 OCR识别 注册完成", "module": "node_registry", "func_name": "register_nodes_to_graph", "line_number": 124, "context": {}}
{"timestamp": "2026-05-13 13:52:04.116", "level": "INFO", "message": "\n--- 处理插件: YOLO视觉 ---", "module": "node_registry", "func_name": "register_nodes_to_graph", "line_number": 107, "context": {}}
{"timestamp": "2026-05-13 13:52:04.176", "level": "INFO", "message": "   ✅ 注册节点: 目标检测", "module": "plugin_manager", "func_name": "load_plugin_nodes", "line_number": 383, "context": {}}
{"timestamp": "2026-05-13 13:52:04.179", "level": "INFO", "message": "   ✅ 注册节点: 图像分类", "module": "plugin_manager", "func_name": "load_plugin_nodes", "line_number": 383, "context": {}}
{"timestamp": "2026-05-13 13:52:04.182", "level": "INFO", "message": "   ✅ 注册节点: 实例分割", "module": "plugin_manager", "func_name": "load_plugin_nodes", "line_number": 383, "context": {}}
{"timestamp": "2026-05-13 13:52:04.185", "level": "INFO", "message": "   ✅ 注册节点: 姿态估计", "module": "plugin_manager", "func_name": "load_plugin_nodes", "line_number": 383, "context": {}}
{"timestamp": "2026-05-13 13:52:04.189", "level": "INFO", "message": "   ✅ 注册节点: 标注辅助", "module": "plugin_manager", "func_name": "load_plugin_nodes", "line_number": 383, "context": {}}
{"timestamp": "2026-05-13 13:52:04.192", "level": "INFO", "message": "   ✅ 注册节点: 模型训练", "module": "plugin_manager", "func_name": "load_plugin_nodes", "line_number": 383, "context": {}}
{"timestamp": "2026-05-13 13:52:04.195", "level": "INFO", "message": "   ✅ 注册节点: 模型量化", "module": "plugin_manager", "func_name": "load_plugin_nodes", "line_number": 383, "context": {}}
{"timestamp": "2026-05-13 13:52:04.198", "level": "INFO", "message": "✅ 插件 YOLO视觉 加载完成，注册 7 个节点", "module": "plugin_manager", "func_name": "load_plugin_nodes", "line_number": 387, "context": {}}
{"timestamp": "2026-05-13 13:52:04.211", "level": "INFO", "message": "   📋 注册到工作流: 目标检测", "module": "node_registry", "func_name": "register_nodes_to_graph", "line_number": 121, "context": {}}
{"timestamp": "2026-05-13 13:52:04.213", "level": "INFO", "message": "   📋 注册到工作流: 图像分类", "module": "node_registry", "func_name": "register_nodes_to_graph", "line_number": 121, "context": {}}
{"timestamp": "2026-05-13 13:52:04.218", "level": "INFO", "message": "   📋 注册到工作流: 实例分割", "module": "node_registry", "func_name": "register_nodes_to_graph", "line_number": 121, "context": {}}
{"timestamp": "2026-05-13 13:52:04.220", "level": "INFO", "message": "   📋 注册到工作流: 姿态估计", "module": "node_registry", "func_name": "register_nodes_to_graph", "line_number": 121, "context": {}}
{"timestamp": "2026-05-13 13:52:04.224", "level": "INFO", "message": "   📋 注册到工作流: 标注辅助", "module": "node_registry", "func_name": "register_nodes_to_graph", "line_number": 121, "context": {}}
{"timestamp": "2026-05-13 13:52:04.227", "level": "INFO", "message": "   📋 注册到工作流: 模型训练", "module": "node_registry", "func_name": "register_nodes_to_graph", "line_number": 121, "context": {}}
{"timestamp": "2026-05-13 13:52:04.230", "level": "INFO", "message": "   📋 注册到工作流: 模型量化", "module": "node_registry", "func_name": "register_nodes_to_graph", "line_number": 121, "context": {}}
{"timestamp": "2026-05-13 13:52:04.234", "level": "INFO", "message": "✅ ✅ 插件 YOLO视觉 注册完成", "module": "node_registry", "func_name": "register_nodes_to_graph", "line_number": 124, "context": {}}
{"timestamp": "2026-05-13 13:52:04.236", "level": "INFO", "message": "\n============================================================", "module": "node_registry", "func_name": "register_nodes_to_graph", "line_number": 131, "context": {}}
{"timestamp": "2026-05-13 13:52:04.240", "level": "INFO", "message": "✅ ✅ 节点注册完成，共注册 45 个节点类型", "module": "node_registry", "func_name": "register_nodes_to_graph", "line_number": 132, "context": {}}
{"timestamp": "2026-05-13 13:52:04.242", "level": "INFO", "message": "============================================================", "module": "node_registry", "func_name": "register_nodes_to_graph", "line_number": 133, "context": {}}
{"timestamp": "2026-05-13 13:52:04.282", "level": "INFO", "message": "🔄 切换到工作流: 工作流 1", "module": "project_ui_manager", "func_name": "on_tab_changed", "line_number": 168, "context": {}}
{"timestamp": "2026-05-13 13:52:04.284", "level": "INFO", "message": "首次创建工作流，初始化共享组件...", "module": "project_ui_manager", "func_name": "add_workflow_tab", "line_number": 109, "context": {}}
{"timestamp": "2026-05-13 13:52:04.293", "level": "INFO", "message": "📋 从插件 内置节点 获取到 group 排序: ['Image_Source', 'Image_Analysis', 'Image_Transform', 'Image_Process', 'Integration', 'OCR', 'YOLO']", "module": "main_window", "func_name": "_rename_palette_tabs_by_category", "line_number": 1796, "context": {}}
{"timestamp": "2026-05-13 13:52:04.296", "level": "INFO", "message": "🔄 节点库标签重命名: 'Image_Analysis' -> '图像分析'", "module": "main_window", "func_name": "_rename_palette_tabs_by_category", "line_number": 1811, "context": {}}
{"timestamp": "2026-05-13 13:52:04.300", "level": "INFO", "message": "🔄 节点库标签重命名: 'Image_Transform' -> '图像变换'", "module": "main_window", "func_name": "_rename_palette_tabs_by_category", "line_number": 1811, "context": {}}
{"timestamp": "2026-05-13 13:52:04.304", "level": "INFO", "message": "🔄 节点库标签重命名: 'Image_Process' -> '图像处理'", "module": "main_window", "func_name": "_rename_palette_tabs_by_category", "line_number": 1811, "context": {}}
{"timestamp": "2026-05-13 13:52:04.308", "level": "INFO", "message": "🔄 节点库标签重命名: 'Image_Source' -> '图像源'", "module": "main_window", "func_name": "_rename_palette_tabs_by_category", "line_number": 1811, "context": {}}
{"timestamp": "2026-05-13 13:52:04.312", "level": "INFO", "message": "🔄 节点库标签重命名: 'Integration' -> '系统集成'", "module": "main_window", "func_name": "_rename_palette_tabs_by_category", "line_number": 1811, "context": {}}
{"timestamp": "2026-05-13 13:52:04.317", "level": "INFO", "message": "🔄 节点库标签重命名: 'ocr_vision' -> 'OCR'", "module": "main_window", "func_name": "_rename_palette_tabs_by_category", "line_number": 1815, "context": {}}
{"timestamp": "2026-05-13 13:52:04.320", "level": "INFO", "message": "🔄 节点库标签重命名: 'yolo_vision' -> 'YOLO'", "module": "main_window", "func_name": "_rename_palette_tabs_by_category", "line_number": 1815, "context": {}}
{"timestamp": "2026-05-13 13:52:04.324", "level": "INFO", "message": "🔄 排序后的标签顺序: ['图像源', '图像分析', '图像变换', '图像处理', '系统集成', 'OCR', 'YOLO', 'nodeGraphQt.nodes']", "module": "main_window", "func_name": "_rename_palette_tabs_by_category", "line_number": 1840, "context": {}}
{"timestamp": "2026-05-13 13:52:04.328", "level": "INFO", "message": "✅ 节点库标签重命名和排序完成", "module": "main_window", "func_name": "_rename_palette_tabs_by_category", "line_number": 1861, "context": {}}
{"timestamp": "2026-05-13 13:52:04.333", "level": "INFO", "message": "✅ 节点库按知识结构重新分组完成", "module": "main_window", "func_name": "_regroup_nodes_by_knowledge_structure", "line_number": 1757, "context": {}}
{"timestamp": "2026-05-13 13:52:04.337", "level": "INFO", "message": "✅ nodeGraphQt.nodes 标签已隐藏", "module": "main_window", "func_name": "_customize_node_palette", "line_number": 1549, "context": {}}
{"timestamp": "2026-05-13 13:52:04.352", "level": "INFO", "message": "✅ 共享组件初始化完成", "module": "main_window", "func_name": "_initialize_shared_components", "line_number": 461, "context": {}}
{"timestamp": "2026-05-13 13:52:04.356", "level": "INFO", "message": "🔄 切换到工作流: 工作流 1", "module": "project_ui_manager", "func_name": "on_tab_changed", "line_number": 168, "context": {}}
{"timestamp": "2026-05-13 13:52:04.358", "level": "INFO", "message": "✅ ✅ 添加工作流标签页: 工作流 1", "module": "project_ui_manager", "func_name": "add_workflow_tab", "line_number": 116, "context": {}}
{"timestamp": "2026-05-13 13:52:04.401", "level": "INFO", "message": "启动时应用保存的主题: light", "module": "theme", "func_name": "_apply_saved_theme", "line_number": 117, "context": {}}
{"timestamp": "2026-05-13 13:52:04.479", "level": "INFO", "message": "主题已切换为: light", "module": "theme", "func_name": "apply_theme", "line_number": 159, "context": {}}
{"timestamp": "2026-05-13 13:52:04.503", "level": "INFO", "message": "🎨 启动时应用主题: light", "module": "main_window", "func_name": "_apply_theme_on_startup", "line_number": 1375, "context": {}}
