{"timestamp": "2026-05-13 14:59:06.476", "level": "INFO", "message": "\n============================================================", "module": "main_window", "func_name": "_load_plugins", "line_number": 233, "context": {}}
{"timestamp": "2026-05-13 14:59:06.482", "level": "INFO", "message": "正在加载插件...", "module": "main_window", "func_name": "_load_plugins", "line_number": 234, "context": {}}
{"timestamp": "2026-05-13 14:59:06.485", "level": "INFO", "message": "============================================================", "module": "main_window", "func_name": "_load_plugins", "line_number": 235, "context": {}}
{"timestamp": "2026-05-13 14:59:06.492", "level": "INFO", "message": "\n📦 扫描内置插件 (builtin)...", "module": "plugin_manager", "func_name": "scan_plugins", "line_number": 82, "context": {}}
{"timestamp": "2026-05-13 14:59:06.497", "level": "INFO", "message": "   ✅ builtin (source: builtin, new structure)", "module": "plugin_manager", "func_name": "_scan_directory", "line_number": 120, "context": {}}
{"timestamp": "2026-05-13 14:59:06.501", "level": "INFO", "message": "\n📦 扫描市场插件 (marketplace)...", "module": "plugin_manager", "func_name": "scan_plugins", "line_number": 88, "context": {}}
{"timestamp": "2026-05-13 14:59:06.506", "level": "INFO", "message": "   ✅ ocr_vision (source: marketplace)", "module": "plugin_manager", "func_name": "_scan_directory", "line_number": 130, "context": {}}
{"timestamp": "2026-05-13 14:59:06.511", "level": "INFO", "message": "   ✅ yolo_vision (source: marketplace)", "module": "plugin_manager", "func_name": "_scan_directory", "line_number": 130, "context": {}}
{"timestamp": "2026-05-13 14:59:06.513", "level": "INFO", "message": "\n✅ 共扫描到 3 个插件", "module": "plugin_manager", "func_name": "scan_plugins", "line_number": 92, "context": {}}
{"timestamp": "2026-05-13 14:59:06.516", "level": "INFO", "message": "发现 3 个插件\n", "module": "main_window", "func_name": "_load_plugins", "line_number": 239, "context": {}}
{"timestamp": "2026-05-13 14:59:06.516", "level": "INFO", "message": "📦 待加载插件: 内置节点, OCR识别, YOLO视觉", "module": "main_window", "func_name": "_load_plugins", "line_number": 250, "context": {}}
{"timestamp": "2026-05-13 14:59:06.519", "level": "INFO", "message": "============================================================\n", "module": "main_window", "func_name": "_load_plugins", "line_number": 252, "context": {}}
{"timestamp": "2026-05-13 14:59:06.979", "level": "INFO", "message": "✅ ✅ 创建新工程: 默认工程", "module": "project_manager", "func_name": "create_project", "line_number": 433, "context": {}}
{"timestamp": "2026-05-13 14:59:06.987", "level": "INFO", "message": "\n============================================================", "module": "node_registry", "func_name": "register_nodes_to_graph", "line_number": 95, "context": {}}
{"timestamp": "2026-05-13 14:59:06.995", "level": "INFO", "message": "📦 开始注册节点到 NodeGraph", "module": "node_registry", "func_name": "register_nodes_to_graph", "line_number": 96, "context": {}}
{"timestamp": "2026-05-13 14:59:06.997", "level": "INFO", "message": "============================================================", "module": "node_registry", "func_name": "register_nodes_to_graph", "line_number": 97, "context": {}}
{"timestamp": "2026-05-13 14:59:07.002", "level": "INFO", "message": "发现 3 个插件", "module": "node_registry", "func_name": "register_nodes_to_graph", "line_number": 102, "context": {}}
{"timestamp": "2026-05-13 14:59:07.006", "level": "INFO", "message": "\n--- 处理插件: 内置节点 ---", "module": "node_registry", "func_name": "register_nodes_to_graph", "line_number": 107, "context": {}}
{"timestamp": "2026-05-13 14:59:07.181", "level": "INFO", "message": "   ✅ 注册节点: 图像操作", "module": "plugin_manager", "func_name": "load_plugin_nodes", "line_number": 383, "context": {}}
{"timestamp": "2026-05-13 14:59:07.184", "level": "INFO", "message": "   ✅ 注册节点: 灰度化", "module": "plugin_manager", "func_name": "load_plugin_nodes", "line_number": 383, "context": {}}
{"timestamp": "2026-05-13 14:59:07.188", "level": "INFO", "message": "   ✅ 注册节点: 高斯模糊", "module": "plugin_manager", "func_name": "load_plugin_nodes", "line_number": 383, "context": {}}
{"timestamp": "2026-05-13 14:59:07.192", "level": "INFO", "message": "   ✅ 注册节点: 中值滤波", "module": "plugin_manager", "func_name": "load_plugin_nodes", "line_number": 383, "context": {}}
{"timestamp": "2026-05-13 14:59:07.195", "level": "INFO", "message": "   ✅ 注册节点: 双边滤波", "module": "plugin_manager", "func_name": "load_plugin_nodes", "line_number": 383, "context": {}}
{"timestamp": "2026-05-13 14:59:07.199", "level": "INFO", "message": "   ✅ 注册节点: 亮度对比度", "module": "plugin_manager", "func_name": "load_plugin_nodes", "line_number": 383, "context": {}}
{"timestamp": "2026-05-13 14:59:07.202", "level": "INFO", "message": "   ✅ 注册节点: 直方图均衡化", "module": "plugin_manager", "func_name": "load_plugin_nodes", "line_number": 383, "context": {}}
{"timestamp": "2026-05-13 14:59:07.205", "level": "INFO", "message": "   ✅ 注册节点: 阈值二值化", "module": "plugin_manager", "func_name": "load_plugin_nodes", "line_number": 383, "context": {}}
{"timestamp": "2026-05-13 14:59:07.208", "level": "INFO", "message": "   ✅ 注册节点: 自适应阈值", "module": "plugin_manager", "func_name": "load_plugin_nodes", "line_number": 383, "context": {}}
{"timestamp": "2026-05-13 14:59:07.214", "level": "INFO", "message": "   ✅ 注册节点: 形态学操作", "module": "plugin_manager", "func_name": "load_plugin_nodes", "line_number": 383, "context": {}}
{"timestamp": "2026-05-13 14:59:07.217", "level": "INFO", "message": "   ✅ 注册节点: 图像缩放", "module": "plugin_manager", "func_name": "load_plugin_nodes", "line_number": 383, "context": {}}
{"timestamp": "2026-05-13 14:59:07.220", "level": "INFO", "message": "   ✅ 注册节点: 图像旋转", "module": "plugin_manager", "func_name": "load_plugin_nodes", "line_number": 383, "context": {}}
{"timestamp": "2026-05-13 14:59:07.224", "level": "INFO", "message": "   ✅ 注册节点: 图像评估", "module": "plugin_manager", "func_name": "load_plugin_nodes", "line_number": 383, "context": {}}
{"timestamp": "2026-05-13 14:59:07.227", "level": "INFO", "message": "   ✅ 注册节点: Canny算子", "module": "plugin_manager", "func_name": "load_plugin_nodes", "line_number": 383, "context": {}}
{"timestamp": "2026-05-13 14:59:07.231", "level": "INFO", "message": "   ✅ 注册节点: Sobel算子", "module": "plugin_manager", "func_name": "load_plugin_nodes", "line_number": 383, "context": {}}
{"timestamp": "2026-05-13 14:59:07.234", "level": "INFO", "message": "   ✅ 注册节点: 轮廓分析", "module": "plugin_manager", "func_name": "load_plugin_nodes", "line_number": 383, "context": {}}
{"timestamp": "2026-05-13 14:59:07.237", "level": "INFO", "message": "   ✅ 注册节点: Laplacian算子", "module": "plugin_manager", "func_name": "load_plugin_nodes", "line_number": 383, "context": {}}
{"timestamp": "2026-05-13 14:59:07.241", "level": "INFO", "message": "   ✅ 注册节点: Harris角点", "module": "plugin_manager", "func_name": "load_plugin_nodes", "line_number": 383, "context": {}}
{"timestamp": "2026-05-13 14:59:07.245", "level": "INFO", "message": "   ✅ 注册节点: Hough直线", "module": "plugin_manager", "func_name": "load_plugin_nodes", "line_number": 383, "context": {}}
{"timestamp": "2026-05-13 14:59:07.247", "level": "INFO", "message": "   ✅ 注册节点: Hough圆", "module": "plugin_manager", "func_name": "load_plugin_nodes", "line_number": 383, "context": {}}
{"timestamp": "2026-05-13 14:59:07.251", "level": "INFO", "message": "   ✅ 注册节点: 模板创建", "module": "plugin_manager", "func_name": "load_plugin_nodes", "line_number": 383, "context": {}}
{"timestamp": "2026-05-13 14:59:07.254", "level": "INFO", "message": "   ✅ 注册节点: 模板匹配", "module": "plugin_manager", "func_name": "load_plugin_nodes", "line_number": 383, "context": {}}
{"timestamp": "2026-05-13 14:59:07.257", "level": "INFO", "message": "   ✅ 注册节点: 加载图像", "module": "plugin_manager", "func_name": "load_plugin_nodes", "line_number": 383, "context": {}}
{"timestamp": "2026-05-13 14:59:07.260", "level": "INFO", "message": "   ✅ 注册节点: 保存图像", "module": "plugin_manager", "func_name": "load_plugin_nodes", "line_number": 383, "context": {}}
{"timestamp": "2026-05-13 14:59:07.263", "level": "INFO", "message": "   ✅ 注册节点: 图像显示", "module": "plugin_manager", "func_name": "load_plugin_nodes", "line_number": 383, "context": {}}
{"timestamp": "2026-05-13 14:59:07.267", "level": "INFO", "message": "   ✅ 注册节点: 相机采集", "module": "plugin_manager", "func_name": "load_plugin_nodes", "line_number": 383, "context": {}}
{"timestamp": "2026-05-13 14:59:07.270", "level": "INFO", "message": "   ✅ 注册节点: 实时预览", "module": "plugin_manager", "func_name": "load_plugin_nodes", "line_number": 383, "context": {}}
{"timestamp": "2026-05-13 14:59:07.273", "level": "INFO", "message": "   ✅ 注册节点: 视频录制", "module": "plugin_manager", "func_name": "load_plugin_nodes", "line_number": 383, "context": {}}
{"timestamp": "2026-05-13 14:59:07.276", "level": "INFO", "message": "   ✅ 注册节点: 快速检测", "module": "plugin_manager", "func_name": "load_plugin_nodes", "line_number": 383, "context": {}}
{"timestamp": "2026-05-13 14:59:07.281", "level": "INFO", "message": "   ✅ 注册节点: 数据显示", "module": "plugin_manager", "func_name": "load_plugin_nodes", "line_number": 383, "context": {}}
{"timestamp": "2026-05-13 14:59:07.283", "level": "INFO", "message": "   ✅ 注册节点: PLC通信", "module": "plugin_manager", "func_name": "load_plugin_nodes", "line_number": 383, "context": {}}
{"timestamp": "2026-05-13 14:59:07.286", "level": "INFO", "message": "   ✅ 注册节点: 数据输出", "module": "plugin_manager", "func_name": "load_plugin_nodes", "line_number": 383, "context": {}}
{"timestamp": "2026-05-13 14:59:07.291", "level": "INFO", "message": "   ✅ 注册节点: 机器人通信", "module": "plugin_manager", "func_name": "load_plugin_nodes", "line_number": 383, "context": {}}
{"timestamp": "2026-05-13 14:59:07.294", "level": "INFO", "message": "   ✅ 注册节点: 圆检测", "module": "plugin_manager", "func_name": "load_plugin_nodes", "line_number": 383, "context": {}}
{"timestamp": "2026-05-13 14:59:07.298", "level": "INFO", "message": "   ✅ 注册节点: 金字塔", "module": "plugin_manager", "func_name": "load_plugin_nodes", "line_number": 383, "context": {}}
{"timestamp": "2026-05-13 14:59:07.300", "level": "INFO", "message": "✅ 插件 内置节点 加载完成，注册 35 个节点", "module": "plugin_manager", "func_name": "load_plugin_nodes", "line_number": 387, "context": {}}
{"timestamp": "2026-05-13 14:59:07.322", "level": "INFO", "message": "   📋 注册到工作流: 图像操作", "module": "node_registry", "func_name": "register_nodes_to_graph", "line_number": 121, "context": {}}
{"timestamp": "2026-05-13 14:59:07.325", "level": "INFO", "message": "   📋 注册到工作流: 灰度化", "module": "node_registry", "func_name": "register_nodes_to_graph", "line_number": 121, "context": {}}
{"timestamp": "2026-05-13 14:59:07.329", "level": "INFO", "message": "   📋 注册到工作流: 高斯模糊", "module": "node_registry", "func_name": "register_nodes_to_graph", "line_number": 121, "context": {}}
{"timestamp": "2026-05-13 14:59:07.332", "level": "INFO", "message": "   📋 注册到工作流: 中值模糊", "module": "node_registry", "func_name": "register_nodes_to_graph", "line_number": 121, "context": {}}
{"timestamp": "2026-05-13 14:59:07.336", "level": "INFO", "message": "   📋 注册到工作流: 双边滤波", "module": "node_registry", "func_name": "register_nodes_to_graph", "line_number": 121, "context": {}}
{"timestamp": "2026-05-13 14:59:07.339", "level": "INFO", "message": "   📋 注册到工作流: 亮度对比度", "module": "node_registry", "func_name": "register_nodes_to_graph", "line_number": 121, "context": {}}
{"timestamp": "2026-05-13 14:59:07.342", "level": "INFO", "message": "   📋 注册到工作流: 直方图均衡化", "module": "node_registry", "func_name": "register_nodes_to_graph", "line_number": 121, "context": {}}
{"timestamp": "2026-05-13 14:59:07.345", "level": "INFO", "message": "   📋 注册到工作流: 阈值处理", "module": "node_registry", "func_name": "register_nodes_to_graph", "line_number": 121, "context": {}}
{"timestamp": "2026-05-13 14:59:07.348", "level": "INFO", "message": "   📋 注册到工作流: 自适应阈值", "module": "node_registry", "func_name": "register_nodes_to_graph", "line_number": 121, "context": {}}
{"timestamp": "2026-05-13 14:59:07.350", "level": "INFO", "message": "   📋 注册到工作流: 形态学", "module": "node_registry", "func_name": "register_nodes_to_graph", "line_number": 121, "context": {}}
{"timestamp": "2026-05-13 14:59:07.353", "level": "INFO", "message": "   📋 注册到工作流: 图像缩放", "module": "node_registry", "func_name": "register_nodes_to_graph", "line_number": 121, "context": {}}
{"timestamp": "2026-05-13 14:59:07.356", "level": "INFO", "message": "   📋 注册到工作流: 图像旋转", "module": "node_registry", "func_name": "register_nodes_to_graph", "line_number": 121, "context": {}}
{"timestamp": "2026-05-13 14:59:07.359", "level": "INFO", "message": "   📋 注册到工作流: 图像评估", "module": "node_registry", "func_name": "register_nodes_to_graph", "line_number": 121, "context": {}}
{"timestamp": "2026-05-13 14:59:07.362", "level": "INFO", "message": "   📋 注册到工作流: Canny算子", "module": "node_registry", "func_name": "register_nodes_to_graph", "line_number": 121, "context": {}}
{"timestamp": "2026-05-13 14:59:07.365", "level": "INFO", "message": "   📋 注册到工作流: Sobel算子", "module": "node_registry", "func_name": "register_nodes_to_graph", "line_number": 121, "context": {}}
{"timestamp": "2026-05-13 14:59:07.368", "level": "INFO", "message": "   📋 注册到工作流: 轮廓分析", "module": "node_registry", "func_name": "register_nodes_to_graph", "line_number": 121, "context": {}}
{"timestamp": "2026-05-13 14:59:07.370", "level": "INFO", "message": "   📋 注册到工作流: Laplacian算子", "module": "node_registry", "func_name": "register_nodes_to_graph", "line_number": 121, "context": {}}
{"timestamp": "2026-05-13 14:59:07.372", "level": "INFO", "message": "   📋 注册到工作流: Harris角点", "module": "node_registry", "func_name": "register_nodes_to_graph", "line_number": 121, "context": {}}
{"timestamp": "2026-05-13 14:59:07.375", "level": "INFO", "message": "   📋 注册到工作流: Hough直线", "module": "node_registry", "func_name": "register_nodes_to_graph", "line_number": 121, "context": {}}
{"timestamp": "2026-05-13 14:59:07.379", "level": "INFO", "message": "   📋 注册到工作流: Hough圆", "module": "node_registry", "func_name": "register_nodes_to_graph", "line_number": 121, "context": {}}
{"timestamp": "2026-05-13 14:59:07.381", "level": "INFO", "message": "   📋 注册到工作流: 模板创建", "module": "node_registry", "func_name": "register_nodes_to_graph", "line_number": 121, "context": {}}
{"timestamp": "2026-05-13 14:59:07.382", "level": "INFO", "message": "   📋 注册到工作流: 模板匹配", "module": "node_registry", "func_name": "register_nodes_to_graph", "line_number": 121, "context": {}}
{"timestamp": "2026-05-13 14:59:07.386", "level": "INFO", "message": "   📋 注册到工作流: 图像加载", "module": "node_registry", "func_name": "register_nodes_to_graph", "line_number": 121, "context": {}}
{"timestamp": "2026-05-13 14:59:07.390", "level": "INFO", "message": "   📋 注册到工作流: 图像保存", "module": "node_registry", "func_name": "register_nodes_to_graph", "line_number": 121, "context": {}}
{"timestamp": "2026-05-13 14:59:07.392", "level": "INFO", "message": "   📋 注册到工作流: 图像显示", "module": "node_registry", "func_name": "register_nodes_to_graph", "line_number": 121, "context": {}}
{"timestamp": "2026-05-13 14:59:07.396", "level": "INFO", "message": "   📋 注册到工作流: 相机采集", "module": "node_registry", "func_name": "register_nodes_to_graph", "line_number": 121, "context": {}}
{"timestamp": "2026-05-13 14:59:07.399", "level": "INFO", "message": "   📋 注册到工作流: 实时预览", "module": "node_registry", "func_name": "register_nodes_to_graph", "line_number": 121, "context": {}}
{"timestamp": "2026-05-13 14:59:07.403", "level": "INFO", "message": "   📋 注册到工作流: 视频录制", "module": "node_registry", "func_name": "register_nodes_to_graph", "line_number": 121, "context": {}}
{"timestamp": "2026-05-13 14:59:07.406", "level": "INFO", "message": "   📋 注册到工作流: 快速检测", "module": "node_registry", "func_name": "register_nodes_to_graph", "line_number": 121, "context": {}}
{"timestamp": "2026-05-13 14:59:07.409", "level": "INFO", "message": "   📋 注册到工作流: JSON显示", "module": "node_registry", "func_name": "register_nodes_to_graph", "line_number": 121, "context": {}}
{"timestamp": "2026-05-13 14:59:07.412", "level": "INFO", "message": "   📋 注册到工作流: PLC通信", "module": "node_registry", "func_name": "register_nodes_to_graph", "line_number": 121, "context": {}}
{"timestamp": "2026-05-13 14:59:07.414", "level": "INFO", "message": "   📋 注册到工作流: 数据输出", "module": "node_registry", "func_name": "register_nodes_to_graph", "line_number": 121, "context": {}}
{"timestamp": "2026-05-13 14:59:07.417", "level": "INFO", "message": "   📋 注册到工作流: 机器人通信", "module": "node_registry", "func_name": "register_nodes_to_graph", "line_number": 121, "context": {}}
{"timestamp": "2026-05-13 14:59:07.420", "level": "INFO", "message": "   📋 注册到工作流: 圆检测", "module": "node_registry", "func_name": "register_nodes_to_graph", "line_number": 121, "context": {}}
{"timestamp": "2026-05-13 14:59:07.423", "level": "INFO", "message": "   📋 注册到工作流: 金字塔", "module": "node_registry", "func_name": "register_nodes_to_graph", "line_number": 121, "context": {}}
{"timestamp": "2026-05-13 14:59:07.427", "level": "INFO", "message": "✅ ✅ 插件 内置节点 注册完成", "module": "node_registry", "func_name": "register_nodes_to_graph", "line_number": 124, "context": {}}
{"timestamp": "2026-05-13 14:59:07.429", "level": "INFO", "message": "\n--- 处理插件: OCR识别 ---", "module": "node_registry", "func_name": "register_nodes_to_graph", "line_number": 107, "context": {}}
{"timestamp": "2026-05-13 14:59:07.446", "level": "INFO", "message": "   ✅ 注册节点: OCR 文字识别", "module": "plugin_manager", "func_name": "load_plugin_nodes", "line_number": 383, "context": {}}
{"timestamp": "2026-05-13 14:59:07.450", "level": "INFO", "message": "   ✅ 注册节点: OCR 表格识别", "module": "plugin_manager", "func_name": "load_plugin_nodes", "line_number": 383, "context": {}}
{"timestamp": "2026-05-13 14:59:07.453", "level": "INFO", "message": "   ✅ 注册节点: OCR 版面分析", "module": "plugin_manager", "func_name": "load_plugin_nodes", "line_number": 383, "context": {}}
{"timestamp": "2026-05-13 14:59:07.456", "level": "INFO", "message": "✅ 插件 OCR识别 加载完成，注册 3 个节点", "module": "plugin_manager", "func_name": "load_plugin_nodes", "line_number": 387, "context": {}}
{"timestamp": "2026-05-13 14:59:07.463", "level": "INFO", "message": "   📋 注册到工作流: OCR 文字识别", "module": "node_registry", "func_name": "register_nodes_to_graph", "line_number": 121, "context": {}}
{"timestamp": "2026-05-13 14:59:07.466", "level": "INFO", "message": "   📋 注册到工作流: OCR 表格识别", "module": "node_registry", "func_name": "register_nodes_to_graph", "line_number": 121, "context": {}}
{"timestamp": "2026-05-13 14:59:07.469", "level": "INFO", "message": "   📋 注册到工作流: OCR 版面分析", "module": "node_registry", "func_name": "register_nodes_to_graph", "line_number": 121, "context": {}}
{"timestamp": "2026-05-13 14:59:07.472", "level": "INFO", "message": "✅ ✅ 插件 OCR识别 注册完成", "module": "node_registry", "func_name": "register_nodes_to_graph", "line_number": 124, "context": {}}
{"timestamp": "2026-05-13 14:59:07.475", "level": "INFO", "message": "\n--- 处理插件: YOLO视觉 ---", "module": "node_registry", "func_name": "register_nodes_to_graph", "line_number": 107, "context": {}}
{"timestamp": "2026-05-13 14:59:07.505", "level": "INFO", "message": "   ✅ 注册节点: 目标检测", "module": "plugin_manager", "func_name": "load_plugin_nodes", "line_number": 383, "context": {}}
{"timestamp": "2026-05-13 14:59:07.509", "level": "INFO", "message": "   ✅ 注册节点: 图像分类", "module": "plugin_manager", "func_name": "load_plugin_nodes", "line_number": 383, "context": {}}
{"timestamp": "2026-05-13 14:59:07.511", "level": "INFO", "message": "   ✅ 注册节点: 实例分割", "module": "plugin_manager", "func_name": "load_plugin_nodes", "line_number": 383, "context": {}}
{"timestamp": "2026-05-13 14:59:07.516", "level": "INFO", "message": "   ✅ 注册节点: 姿态估计", "module": "plugin_manager", "func_name": "load_plugin_nodes", "line_number": 383, "context": {}}
{"timestamp": "2026-05-13 14:59:07.518", "level": "INFO", "message": "   ✅ 注册节点: 标注辅助", "module": "plugin_manager", "func_name": "load_plugin_nodes", "line_number": 383, "context": {}}
{"timestamp": "2026-05-13 14:59:07.521", "level": "INFO", "message": "   ✅ 注册节点: 模型训练", "module": "plugin_manager", "func_name": "load_plugin_nodes", "line_number": 383, "context": {}}
{"timestamp": "2026-05-13 14:59:07.525", "level": "INFO", "message": "   ✅ 注册节点: 模型量化", "module": "plugin_manager", "func_name": "load_plugin_nodes", "line_number": 383, "context": {}}
{"timestamp": "2026-05-13 14:59:07.528", "level": "INFO", "message": "✅ 插件 YOLO视觉 加载完成，注册 7 个节点", "module": "plugin_manager", "func_name": "load_plugin_nodes", "line_number": 387, "context": {}}
{"timestamp": "2026-05-13 14:59:07.539", "level": "INFO", "message": "   📋 注册到工作流: 目标检测", "module": "node_registry", "func_name": "register_nodes_to_graph", "line_number": 121, "context": {}}
{"timestamp": "2026-05-13 14:59:07.540", "level": "INFO", "message": "   📋 注册到工作流: 图像分类", "module": "node_registry", "func_name": "register_nodes_to_graph", "line_number": 121, "context": {}}
{"timestamp": "2026-05-13 14:59:07.544", "level": "INFO", "message": "   📋 注册到工作流: 实例分割", "module": "node_registry", "func_name": "register_nodes_to_graph", "line_number": 121, "context": {}}
{"timestamp": "2026-05-13 14:59:07.546", "level": "INFO", "message": "   📋 注册到工作流: 姿态估计", "module": "node_registry", "func_name": "register_nodes_to_graph", "line_number": 121, "context": {}}
{"timestamp": "2026-05-13 14:59:07.549", "level": "INFO", "message": "   📋 注册到工作流: 标注辅助", "module": "node_registry", "func_name": "register_nodes_to_graph", "line_number": 121, "context": {}}
{"timestamp": "2026-05-13 14:59:07.552", "level": "INFO", "message": "   📋 注册到工作流: 模型训练", "module": "node_registry", "func_name": "register_nodes_to_graph", "line_number": 121, "context": {}}
{"timestamp": "2026-05-13 14:59:07.555", "level": "INFO", "message": "   📋 注册到工作流: 模型量化", "module": "node_registry", "func_name": "register_nodes_to_graph", "line_number": 121, "context": {}}
{"timestamp": "2026-05-13 14:59:07.556", "level": "INFO", "message": "✅ ✅ 插件 YOLO视觉 注册完成", "module": "node_registry", "func_name": "register_nodes_to_graph", "line_number": 124, "context": {}}
{"timestamp": "2026-05-13 14:59:07.560", "level": "INFO", "message": "\n============================================================", "module": "node_registry", "func_name": "register_nodes_to_graph", "line_number": 131, "context": {}}
{"timestamp": "2026-05-13 14:59:07.563", "level": "INFO", "message": "✅ ✅ 节点注册完成，共注册 45 个节点类型", "module": "node_registry", "func_name": "register_nodes_to_graph", "line_number": 132, "context": {}}
{"timestamp": "2026-05-13 14:59:07.566", "level": "INFO", "message": "============================================================", "module": "node_registry", "func_name": "register_nodes_to_graph", "line_number": 133, "context": {}}
{"timestamp": "2026-05-13 14:59:07.582", "level": "INFO", "message": "🔄 切换到工作流: 工作流 1", "module": "project_ui_manager", "func_name": "on_tab_changed", "line_number": 168, "context": {}}
{"timestamp": "2026-05-13 14:59:07.584", "level": "INFO", "message": "首次创建工作流，初始化共享组件...", "module": "project_ui_manager", "func_name": "add_workflow_tab", "line_number": 109, "context": {}}
{"timestamp": "2026-05-13 14:59:07.590", "level": "INFO", "message": "📋 从插件 内置节点 获取到 group 排序: ['Image_Source', 'Image_Analysis', 'Image_Transform', 'Image_Process', 'Integration', 'OCR', 'YOLO']", "module": "main_window", "func_name": "_rename_palette_tabs_by_category", "line_number": 1796, "context": {}}
{"timestamp": "2026-05-13 14:59:07.595", "level": "INFO", "message": "🔄 节点库标签重命名: 'Image_Analysis' -> '图像分析'", "module": "main_window", "func_name": "_rename_palette_tabs_by_category", "line_number": 1811, "context": {}}
{"timestamp": "2026-05-13 14:59:07.598", "level": "INFO", "message": "🔄 节点库标签重命名: 'Image_Transform' -> '图像变换'", "module": "main_window", "func_name": "_rename_palette_tabs_by_category", "line_number": 1811, "context": {}}
{"timestamp": "2026-05-13 14:59:07.601", "level": "INFO", "message": "🔄 节点库标签重命名: 'Image_Process' -> '图像处理'", "module": "main_window", "func_name": "_rename_palette_tabs_by_category", "line_number": 1811, "context": {}}
{"timestamp": "2026-05-13 14:59:07.604", "level": "INFO", "message": "🔄 节点库标签重命名: 'Image_Source' -> '图像源'", "module": "main_window", "func_name": "_rename_palette_tabs_by_category", "line_number": 1811, "context": {}}
{"timestamp": "2026-05-13 14:59:07.606", "level": "INFO", "message": "🔄 节点库标签重命名: 'Integration' -> '系统集成'", "module": "main_window", "func_name": "_rename_palette_tabs_by_category", "line_number": 1811, "context": {}}
{"timestamp": "2026-05-13 14:59:07.611", "level": "INFO", "message": "🔄 节点库标签重命名: 'ocr_vision' -> 'OCR'", "module": "main_window", "func_name": "_rename_palette_tabs_by_category", "line_number": 1815, "context": {}}
{"timestamp": "2026-05-13 14:59:07.614", "level": "INFO", "message": "🔄 节点库标签重命名: 'yolo_vision' -> 'YOLO'", "module": "main_window", "func_name": "_rename_palette_tabs_by_category", "line_number": 1815, "context": {}}
{"timestamp": "2026-05-13 14:59:07.618", "level": "INFO", "message": "🔄 排序后的标签顺序: ['图像源', '图像分析', '图像变换', '图像处理', '系统集成', 'OCR', 'YOLO', 'nodeGraphQt.nodes']", "module": "main_window", "func_name": "_rename_palette_tabs_by_category", "line_number": 1840, "context": {}}
{"timestamp": "2026-05-13 14:59:07.620", "level": "INFO", "message": "✅ 节点库标签重命名和排序完成", "module": "main_window", "func_name": "_rename_palette_tabs_by_category", "line_number": 1861, "context": {}}
{"timestamp": "2026-05-13 14:59:07.625", "level": "INFO", "message": "✅ 节点库按知识结构重新分组完成", "module": "main_window", "func_name": "_regroup_nodes_by_knowledge_structure", "line_number": 1757, "context": {}}
{"timestamp": "2026-05-13 14:59:07.628", "level": "INFO", "message": "✅ nodeGraphQt.nodes 标签已隐藏", "module": "main_window", "func_name": "_customize_node_palette", "line_number": 1549, "context": {}}
{"timestamp": "2026-05-13 14:59:07.640", "level": "INFO", "message": "✅ 共享组件初始化完成", "module": "main_window", "func_name": "_initialize_shared_components", "line_number": 461, "context": {}}
{"timestamp": "2026-05-13 14:59:07.643", "level": "INFO", "message": "🔄 切换到工作流: 工作流 1", "module": "project_ui_manager", "func_name": "on_tab_changed", "line_number": 168, "context": {}}
{"timestamp": "2026-05-13 14:59:07.645", "level": "INFO", "message": "✅ ✅ 添加工作流标签页: 工作流 1", "module": "project_ui_manager", "func_name": "add_workflow_tab", "line_number": 116, "context": {}}
{"timestamp": "2026-05-13 14:59:07.680", "level": "INFO", "message": "启动时应用保存的主题: light", "module": "theme", "func_name": "_apply_saved_theme", "line_number": 117, "context": {}}
{"timestamp": "2026-05-13 14:59:07.699", "level": "INFO", "message": "主题已切换为: light", "module": "theme", "func_name": "apply_theme", "line_number": 159, "context": {}}
{"timestamp": "2026-05-13 14:59:07.726", "level": "INFO", "message": "🎨 启动时应用主题: light", "module": "main_window", "func_name": "_apply_theme_on_startup", "line_number": 1375, "context": {}}
