{"timestamp": "2026-05-13 15:55:48.445", "level": "INFO", "message": "\n============================================================", "module": "main_window", "func_name": "_load_plugins", "line_number": 233, "context": {}}
{"timestamp": "2026-05-13 15:55:48.448", "level": "INFO", "message": "正在加载插件...", "module": "main_window", "func_name": "_load_plugins", "line_number": 234, "context": {}}
{"timestamp": "2026-05-13 15:55:48.450", "level": "INFO", "message": "============================================================", "module": "main_window", "func_name": "_load_plugins", "line_number": 235, "context": {}}
{"timestamp": "2026-05-13 15:55:48.453", "level": "INFO", "message": "\n📦 扫描内置插件 (builtin)...", "module": "plugin_manager", "func_name": "scan_plugins", "line_number": 82, "context": {}}
{"timestamp": "2026-05-13 15:55:48.457", "level": "INFO", "message": "   ✅ builtin (source: builtin, new structure)", "module": "plugin_manager", "func_name": "_scan_directory", "line_number": 120, "context": {}}
{"timestamp": "2026-05-13 15:55:48.460", "level": "INFO", "message": "\n📦 扫描市场插件 (marketplace)...", "module": "plugin_manager", "func_name": "scan_plugins", "line_number": 88, "context": {}}
{"timestamp": "2026-05-13 15:55:48.463", "level": "INFO", "message": "   ✅ ocr_vision (source: marketplace)", "module": "plugin_manager", "func_name": "_scan_directory", "line_number": 130, "context": {}}
{"timestamp": "2026-05-13 15:55:48.467", "level": "INFO", "message": "   ✅ yolo_vision (source: marketplace)", "module": "plugin_manager", "func_name": "_scan_directory", "line_number": 130, "context": {}}
{"timestamp": "2026-05-13 15:55:48.470", "level": "INFO", "message": "\n✅ 共扫描到 3 个插件", "module": "plugin_manager", "func_name": "scan_plugins", "line_number": 92, "context": {}}
{"timestamp": "2026-05-13 15:55:48.475", "level": "INFO", "message": "发现 3 个插件\n", "module": "main_window", "func_name": "_load_plugins", "line_number": 239, "context": {}}
{"timestamp": "2026-05-13 15:55:48.480", "level": "INFO", "message": "📦 待加载插件: 内置节点, OCR识别, YOLO视觉", "module": "main_window", "func_name": "_load_plugins", "line_number": 250, "context": {}}
{"timestamp": "2026-05-13 15:55:48.482", "level": "INFO", "message": "============================================================\n", "module": "main_window", "func_name": "_load_plugins", "line_number": 252, "context": {}}
{"timestamp": "2026-05-13 15:55:49.151", "level": "INFO", "message": "✅ ✅ 创建新工程: 默认工程", "module": "project_manager", "func_name": "create_project", "line_number": 433, "context": {}}
{"timestamp": "2026-05-13 15:55:49.160", "level": "INFO", "message": "\n============================================================", "module": "node_registry", "func_name": "register_nodes_to_graph", "line_number": 95, "context": {}}
{"timestamp": "2026-05-13 15:55:49.164", "level": "INFO", "message": "📦 开始注册节点到 NodeGraph", "module": "node_registry", "func_name": "register_nodes_to_graph", "line_number": 96, "context": {}}
{"timestamp": "2026-05-13 15:55:49.171", "level": "INFO", "message": "============================================================", "module": "node_registry", "func_name": "register_nodes_to_graph", "line_number": 97, "context": {}}
{"timestamp": "2026-05-13 15:55:49.174", "level": "INFO", "message": "发现 3 个插件", "module": "node_registry", "func_name": "register_nodes_to_graph", "line_number": 102, "context": {}}
{"timestamp": "2026-05-13 15:55:49.179", "level": "INFO", "message": "\n--- 处理插件: 内置节点 ---", "module": "node_registry", "func_name": "register_nodes_to_graph", "line_number": 107, "context": {}}
{"timestamp": "2026-05-13 15:55:49.391", "level": "INFO", "message": "   ✅ 注册节点: 图像操作", "module": "plugin_manager", "func_name": "load_plugin_nodes", "line_number": 383, "context": {}}
{"timestamp": "2026-05-13 15:55:49.396", "level": "INFO", "message": "   ✅ 注册节点: 灰度化", "module": "plugin_manager", "func_name": "load_plugin_nodes", "line_number": 383, "context": {}}
{"timestamp": "2026-05-13 15:55:49.399", "level": "INFO", "message": "   ✅ 注册节点: 高斯模糊", "module": "plugin_manager", "func_name": "load_plugin_nodes", "line_number": 383, "context": {}}
{"timestamp": "2026-05-13 15:55:49.402", "level": "INFO", "message": "   ✅ 注册节点: 中值滤波", "module": "plugin_manager", "func_name": "load_plugin_nodes", "line_number": 383, "context": {}}
{"timestamp": "2026-05-13 15:55:49.406", "level": "INFO", "message": "   ✅ 注册节点: 双边滤波", "module": "plugin_manager", "func_name": "load_plugin_nodes", "line_number": 383, "context": {}}
{"timestamp": "2026-05-13 15:55:49.409", "level": "INFO", "message": "   ✅ 注册节点: 亮度对比度", "module": "plugin_manager", "func_name": "load_plugin_nodes", "line_number": 383, "context": {}}
{"timestamp": "2026-05-13 15:55:49.414", "level": "INFO", "message": "   ✅ 注册节点: 直方图均衡化", "module": "plugin_manager", "func_name": "load_plugin_nodes", "line_number": 383, "context": {}}
{"timestamp": "2026-05-13 15:55:49.418", "level": "INFO", "message": "   ✅ 注册节点: 阈值二值化", "module": "plugin_manager", "func_name": "load_plugin_nodes", "line_number": 383, "context": {}}
{"timestamp": "2026-05-13 15:55:49.421", "level": "INFO", "message": "   ✅ 注册节点: 自适应阈值", "module": "plugin_manager", "func_name": "load_plugin_nodes", "line_number": 383, "context": {}}
{"timestamp": "2026-05-13 15:55:49.426", "level": "INFO", "message": "   ✅ 注册节点: 形态学操作", "module": "plugin_manager", "func_name": "load_plugin_nodes", "line_number": 383, "context": {}}
{"timestamp": "2026-05-13 15:55:49.430", "level": "INFO", "message": "   ✅ 注册节点: 图像缩放", "module": "plugin_manager", "func_name": "load_plugin_nodes", "line_number": 383, "context": {}}
{"timestamp": "2026-05-13 15:55:49.435", "level": "INFO", "message": "   ✅ 注册节点: 图像旋转", "module": "plugin_manager", "func_name": "load_plugin_nodes", "line_number": 383, "context": {}}
{"timestamp": "2026-05-13 15:55:49.438", "level": "INFO", "message": "   ✅ 注册节点: 图像评估", "module": "plugin_manager", "func_name": "load_plugin_nodes", "line_number": 383, "context": {}}
{"timestamp": "2026-05-13 15:55:49.441", "level": "INFO", "message": "   ✅ 注册节点: Canny算子", "module": "plugin_manager", "func_name": "load_plugin_nodes", "line_number": 383, "context": {}}
{"timestamp": "2026-05-13 15:55:49.446", "level": "INFO", "message": "   ✅ 注册节点: Sobel算子", "module": "plugin_manager", "func_name": "load_plugin_nodes", "line_number": 383, "context": {}}
{"timestamp": "2026-05-13 15:55:49.449", "level": "INFO", "message": "   ✅ 注册节点: 轮廓分析", "module": "plugin_manager", "func_name": "load_plugin_nodes", "line_number": 383, "context": {}}
{"timestamp": "2026-05-13 15:55:49.455", "level": "INFO", "message": "   ✅ 注册节点: Laplacian算子", "module": "plugin_manager", "func_name": "load_plugin_nodes", "line_number": 383, "context": {}}
{"timestamp": "2026-05-13 15:55:49.459", "level": "INFO", "message": "   ✅ 注册节点: Harris角点", "module": "plugin_manager", "func_name": "load_plugin_nodes", "line_number": 383, "context": {}}
{"timestamp": "2026-05-13 15:55:49.463", "level": "INFO", "message": "   ✅ 注册节点: Hough直线", "module": "plugin_manager", "func_name": "load_plugin_nodes", "line_number": 383, "context": {}}
{"timestamp": "2026-05-13 15:55:49.468", "level": "INFO", "message": "   ✅ 注册节点: Hough圆", "module": "plugin_manager", "func_name": "load_plugin_nodes", "line_number": 383, "context": {}}
{"timestamp": "2026-05-13 15:55:49.472", "level": "INFO", "message": "   ✅ 注册节点: 模板创建", "module": "plugin_manager", "func_name": "load_plugin_nodes", "line_number": 383, "context": {}}
{"timestamp": "2026-05-13 15:55:49.480", "level": "INFO", "message": "   ✅ 注册节点: 模板匹配", "module": "plugin_manager", "func_name": "load_plugin_nodes", "line_number": 383, "context": {}}
{"timestamp": "2026-05-13 15:55:49.486", "level": "INFO", "message": "   ✅ 注册节点: 加载图像", "module": "plugin_manager", "func_name": "load_plugin_nodes", "line_number": 383, "context": {}}
{"timestamp": "2026-05-13 15:55:49.492", "level": "INFO", "message": "   ✅ 注册节点: 保存图像", "module": "plugin_manager", "func_name": "load_plugin_nodes", "line_number": 383, "context": {}}
{"timestamp": "2026-05-13 15:55:49.495", "level": "INFO", "message": "   ✅ 注册节点: 图像显示", "module": "plugin_manager", "func_name": "load_plugin_nodes", "line_number": 383, "context": {}}
{"timestamp": "2026-05-13 15:55:49.500", "level": "INFO", "message": "   ✅ 注册节点: 相机采集", "module": "plugin_manager", "func_name": "load_plugin_nodes", "line_number": 383, "context": {}}
{"timestamp": "2026-05-13 15:55:49.504", "level": "INFO", "message": "   ✅ 注册节点: 实时预览", "module": "plugin_manager", "func_name": "load_plugin_nodes", "line_number": 383, "context": {}}
{"timestamp": "2026-05-13 15:55:49.510", "level": "INFO", "message": "   ✅ 注册节点: 视频录制", "module": "plugin_manager", "func_name": "load_plugin_nodes", "line_number": 383, "context": {}}
{"timestamp": "2026-05-13 15:55:49.515", "level": "INFO", "message": "   ✅ 注册节点: 快速检测", "module": "plugin_manager", "func_name": "load_plugin_nodes", "line_number": 383, "context": {}}
{"timestamp": "2026-05-13 15:55:49.520", "level": "INFO", "message": "   ✅ 注册节点: 数据显示", "module": "plugin_manager", "func_name": "load_plugin_nodes", "line_number": 383, "context": {}}
{"timestamp": "2026-05-13 15:55:49.524", "level": "INFO", "message": "   ✅ 注册节点: PLC通信", "module": "plugin_manager", "func_name": "load_plugin_nodes", "line_number": 383, "context": {}}
{"timestamp": "2026-05-13 15:55:49.527", "level": "INFO", "message": "   ✅ 注册节点: 数据输出", "module": "plugin_manager", "func_name": "load_plugin_nodes", "line_number": 383, "context": {}}
{"timestamp": "2026-05-13 15:55:49.531", "level": "INFO", "message": "   ✅ 注册节点: 机器人通信", "module": "plugin_manager", "func_name": "load_plugin_nodes", "line_number": 383, "context": {}}
{"timestamp": "2026-05-13 15:55:49.537", "level": "INFO", "message": "   ✅ 注册节点: 圆检测", "module": "plugin_manager", "func_name": "load_plugin_nodes", "line_number": 383, "context": {}}
{"timestamp": "2026-05-13 15:55:49.542", "level": "INFO", "message": "   ✅ 注册节点: 金字塔", "module": "plugin_manager", "func_name": "load_plugin_nodes", "line_number": 383, "context": {}}
{"timestamp": "2026-05-13 15:55:49.549", "level": "INFO", "message": "✅ 插件 内置节点 加载完成，注册 35 个节点", "module": "plugin_manager", "func_name": "load_plugin_nodes", "line_number": 387, "context": {}}
{"timestamp": "2026-05-13 15:55:49.574", "level": "INFO", "message": "   📋 注册到工作流: 图像操作", "module": "node_registry", "func_name": "register_nodes_to_graph", "line_number": 121, "context": {}}
{"timestamp": "2026-05-13 15:55:49.578", "level": "INFO", "message": "   📋 注册到工作流: 灰度化", "module": "node_registry", "func_name": "register_nodes_to_graph", "line_number": 121, "context": {}}
{"timestamp": "2026-05-13 15:55:49.582", "level": "INFO", "message": "   📋 注册到工作流: 高斯模糊", "module": "node_registry", "func_name": "register_nodes_to_graph", "line_number": 121, "context": {}}
{"timestamp": "2026-05-13 15:55:49.586", "level": "INFO", "message": "   📋 注册到工作流: 中值模糊", "module": "node_registry", "func_name": "register_nodes_to_graph", "line_number": 121, "context": {}}
{"timestamp": "2026-05-13 15:55:49.590", "level": "INFO", "message": "   📋 注册到工作流: 双边滤波", "module": "node_registry", "func_name": "register_nodes_to_graph", "line_number": 121, "context": {}}
{"timestamp": "2026-05-13 15:55:49.594", "level": "INFO", "message": "   📋 注册到工作流: 亮度对比度", "module": "node_registry", "func_name": "register_nodes_to_graph", "line_number": 121, "context": {}}
{"timestamp": "2026-05-13 15:55:49.600", "level": "INFO", "message": "   📋 注册到工作流: 直方图均衡化", "module": "node_registry", "func_name": "register_nodes_to_graph", "line_number": 121, "context": {}}
{"timestamp": "2026-05-13 15:55:49.605", "level": "INFO", "message": "   📋 注册到工作流: 阈值处理", "module": "node_registry", "func_name": "register_nodes_to_graph", "line_number": 121, "context": {}}
{"timestamp": "2026-05-13 15:55:49.608", "level": "INFO", "message": "   📋 注册到工作流: 自适应阈值", "module": "node_registry", "func_name": "register_nodes_to_graph", "line_number": 121, "context": {}}
{"timestamp": "2026-05-13 15:55:49.613", "level": "INFO", "message": "   📋 注册到工作流: 形态学", "module": "node_registry", "func_name": "register_nodes_to_graph", "line_number": 121, "context": {}}
{"timestamp": "2026-05-13 15:55:49.617", "level": "INFO", "message": "   📋 注册到工作流: 图像缩放", "module": "node_registry", "func_name": "register_nodes_to_graph", "line_number": 121, "context": {}}
{"timestamp": "2026-05-13 15:55:49.621", "level": "INFO", "message": "   📋 注册到工作流: 图像旋转", "module": "node_registry", "func_name": "register_nodes_to_graph", "line_number": 121, "context": {}}
{"timestamp": "2026-05-13 15:55:49.623", "level": "INFO", "message": "   📋 注册到工作流: 图像评估", "module": "node_registry", "func_name": "register_nodes_to_graph", "line_number": 121, "context": {}}
{"timestamp": "2026-05-13 15:55:49.629", "level": "INFO", "message": "   📋 注册到工作流: Canny算子", "module": "node_registry", "func_name": "register_nodes_to_graph", "line_number": 121, "context": {}}
{"timestamp": "2026-05-13 15:55:49.633", "level": "INFO", "message": "   📋 注册到工作流: Sobel算子", "module": "node_registry", "func_name": "register_nodes_to_graph", "line_number": 121, "context": {}}
{"timestamp": "2026-05-13 15:55:49.637", "level": "INFO", "message": "   📋 注册到工作流: 轮廓分析", "module": "node_registry", "func_name": "register_nodes_to_graph", "line_number": 121, "context": {}}
{"timestamp": "2026-05-13 15:55:49.639", "level": "INFO", "message": "   📋 注册到工作流: Laplacian算子", "module": "node_registry", "func_name": "register_nodes_to_graph", "line_number": 121, "context": {}}
{"timestamp": "2026-05-13 15:55:49.642", "level": "INFO", "message": "   📋 注册到工作流: Harris角点", "module": "node_registry", "func_name": "register_nodes_to_graph", "line_number": 121, "context": {}}
{"timestamp": "2026-05-13 15:55:49.646", "level": "INFO", "message": "   📋 注册到工作流: Hough直线", "module": "node_registry", "func_name": "register_nodes_to_graph", "line_number": 121, "context": {}}
{"timestamp": "2026-05-13 15:55:49.649", "level": "INFO", "message": "   📋 注册到工作流: Hough圆", "module": "node_registry", "func_name": "register_nodes_to_graph", "line_number": 121, "context": {}}
{"timestamp": "2026-05-13 15:55:49.653", "level": "INFO", "message": "   📋 注册到工作流: 模板创建", "module": "node_registry", "func_name": "register_nodes_to_graph", "line_number": 121, "context": {}}
{"timestamp": "2026-05-13 15:55:49.656", "level": "INFO", "message": "   📋 注册到工作流: 模板匹配", "module": "node_registry", "func_name": "register_nodes_to_graph", "line_number": 121, "context": {}}
{"timestamp": "2026-05-13 15:55:49.662", "level": "INFO", "message": "   📋 注册到工作流: 图像加载", "module": "node_registry", "func_name": "register_nodes_to_graph", "line_number": 121, "context": {}}
{"timestamp": "2026-05-13 15:55:49.665", "level": "INFO", "message": "   📋 注册到工作流: 图像保存", "module": "node_registry", "func_name": "register_nodes_to_graph", "line_number": 121, "context": {}}
{"timestamp": "2026-05-13 15:55:49.668", "level": "INFO", "message": "   📋 注册到工作流: 图像显示", "module": "node_registry", "func_name": "register_nodes_to_graph", "line_number": 121, "context": {}}
{"timestamp": "2026-05-13 15:55:49.672", "level": "INFO", "message": "   📋 注册到工作流: 相机采集", "module": "node_registry", "func_name": "register_nodes_to_graph", "line_number": 121, "context": {}}
{"timestamp": "2026-05-13 15:55:49.675", "level": "INFO", "message": "   📋 注册到工作流: 实时预览", "module": "node_registry", "func_name": "register_nodes_to_graph", "line_number": 121, "context": {}}
{"timestamp": "2026-05-13 15:55:49.679", "level": "INFO", "message": "   📋 注册到工作流: 视频录制", "module": "node_registry", "func_name": "register_nodes_to_graph", "line_number": 121, "context": {}}
{"timestamp": "2026-05-13 15:55:49.683", "level": "INFO", "message": "   📋 注册到工作流: 快速检测", "module": "node_registry", "func_name": "register_nodes_to_graph", "line_number": 121, "context": {}}
{"timestamp": "2026-05-13 15:55:49.688", "level": "INFO", "message": "   📋 注册到工作流: JSON显示", "module": "node_registry", "func_name": "register_nodes_to_graph", "line_number": 121, "context": {}}
{"timestamp": "2026-05-13 15:55:49.691", "level": "INFO", "message": "   📋 注册到工作流: PLC通信", "module": "node_registry", "func_name": "register_nodes_to_graph", "line_number": 121, "context": {}}
{"timestamp": "2026-05-13 15:55:49.695", "level": "INFO", "message": "   📋 注册到工作流: 数据输出", "module": "node_registry", "func_name": "register_nodes_to_graph", "line_number": 121, "context": {}}
{"timestamp": "2026-05-13 15:55:49.698", "level": "INFO", "message": "   📋 注册到工作流: 机器人通信", "module": "node_registry", "func_name": "register_nodes_to_graph", "line_number": 121, "context": {}}
{"timestamp": "2026-05-13 15:55:49.703", "level": "INFO", "message": "   📋 注册到工作流: 圆检测", "module": "node_registry", "func_name": "register_nodes_to_graph", "line_number": 121, "context": {}}
{"timestamp": "2026-05-13 15:55:49.707", "level": "INFO", "message": "   📋 注册到工作流: 金字塔", "module": "node_registry", "func_name": "register_nodes_to_graph", "line_number": 121, "context": {}}
{"timestamp": "2026-05-13 15:55:49.710", "level": "INFO", "message": "✅ ✅ 插件 内置节点 注册完成", "module": "node_registry", "func_name": "register_nodes_to_graph", "line_number": 124, "context": {}}
{"timestamp": "2026-05-13 15:55:49.714", "level": "INFO", "message": "\n--- 处理插件: OCR识别 ---", "module": "node_registry", "func_name": "register_nodes_to_graph", "line_number": 107, "context": {}}
{"timestamp": "2026-05-13 15:55:49.737", "level": "INFO", "message": "   ✅ 注册节点: OCR 文字识别", "module": "plugin_manager", "func_name": "load_plugin_nodes", "line_number": 383, "context": {}}
{"timestamp": "2026-05-13 15:55:49.740", "level": "INFO", "message": "   ✅ 注册节点: OCR 表格识别", "module": "plugin_manager", "func_name": "load_plugin_nodes", "line_number": 383, "context": {}}
{"timestamp": "2026-05-13 15:55:49.744", "level": "INFO", "message": "   ✅ 注册节点: OCR 版面分析", "module": "plugin_manager", "func_name": "load_plugin_nodes", "line_number": 383, "context": {}}
{"timestamp": "2026-05-13 15:55:49.747", "level": "INFO", "message": "✅ 插件 OCR识别 加载完成，注册 3 个节点", "module": "plugin_manager", "func_name": "load_plugin_nodes", "line_number": 387, "context": {}}
{"timestamp": "2026-05-13 15:55:49.758", "level": "INFO", "message": "   📋 注册到工作流: OCR 文字识别", "module": "node_registry", "func_name": "register_nodes_to_graph", "line_number": 121, "context": {}}
{"timestamp": "2026-05-13 15:55:49.763", "level": "INFO", "message": "   📋 注册到工作流: OCR 表格识别", "module": "node_registry", "func_name": "register_nodes_to_graph", "line_number": 121, "context": {}}
{"timestamp": "2026-05-13 15:55:49.766", "level": "INFO", "message": "   📋 注册到工作流: OCR 版面分析", "module": "node_registry", "func_name": "register_nodes_to_graph", "line_number": 121, "context": {}}
{"timestamp": "2026-05-13 15:55:49.772", "level": "INFO", "message": "✅ ✅ 插件 OCR识别 注册完成", "module": "node_registry", "func_name": "register_nodes_to_graph", "line_number": 124, "context": {}}
{"timestamp": "2026-05-13 15:55:49.775", "level": "INFO", "message": "\n--- 处理插件: YOLO视觉 ---", "module": "node_registry", "func_name": "register_nodes_to_graph", "line_number": 107, "context": {}}
{"timestamp": "2026-05-13 15:55:49.810", "level": "INFO", "message": "   ✅ 注册节点: 目标检测", "module": "plugin_manager", "func_name": "load_plugin_nodes", "line_number": 383, "context": {}}
{"timestamp": "2026-05-13 15:55:49.814", "level": "INFO", "message": "   ✅ 注册节点: 图像分类", "module": "plugin_manager", "func_name": "load_plugin_nodes", "line_number": 383, "context": {}}
{"timestamp": "2026-05-13 15:55:49.819", "level": "INFO", "message": "   ✅ 注册节点: 实例分割", "module": "plugin_manager", "func_name": "load_plugin_nodes", "line_number": 383, "context": {}}
{"timestamp": "2026-05-13 15:55:49.825", "level": "INFO", "message": "   ✅ 注册节点: 姿态估计", "module": "plugin_manager", "func_name": "load_plugin_nodes", "line_number": 383, "context": {}}
{"timestamp": "2026-05-13 15:55:49.831", "level": "INFO", "message": "   ✅ 注册节点: 标注辅助", "module": "plugin_manager", "func_name": "load_plugin_nodes", "line_number": 383, "context": {}}
{"timestamp": "2026-05-13 15:55:49.837", "level": "INFO", "message": "   ✅ 注册节点: 模型训练", "module": "plugin_manager", "func_name": "load_plugin_nodes", "line_number": 383, "context": {}}
{"timestamp": "2026-05-13 15:55:49.841", "level": "INFO", "message": "   ✅ 注册节点: 模型量化", "module": "plugin_manager", "func_name": "load_plugin_nodes", "line_number": 383, "context": {}}
{"timestamp": "2026-05-13 15:55:49.847", "level": "INFO", "message": "✅ 插件 YOLO视觉 加载完成，注册 7 个节点", "module": "plugin_manager", "func_name": "load_plugin_nodes", "line_number": 387, "context": {}}
{"timestamp": "2026-05-13 15:55:49.861", "level": "INFO", "message": "   📋 注册到工作流: 目标检测", "module": "node_registry", "func_name": "register_nodes_to_graph", "line_number": 121, "context": {}}
{"timestamp": "2026-05-13 15:55:49.867", "level": "INFO", "message": "   📋 注册到工作流: 图像分类", "module": "node_registry", "func_name": "register_nodes_to_graph", "line_number": 121, "context": {}}
{"timestamp": "2026-05-13 15:55:49.872", "level": "INFO", "message": "   📋 注册到工作流: 实例分割", "module": "node_registry", "func_name": "register_nodes_to_graph", "line_number": 121, "context": {}}
{"timestamp": "2026-05-13 15:55:49.878", "level": "INFO", "message": "   📋 注册到工作流: 姿态估计", "module": "node_registry", "func_name": "register_nodes_to_graph", "line_number": 121, "context": {}}
{"timestamp": "2026-05-13 15:55:49.882", "level": "INFO", "message": "   📋 注册到工作流: 标注辅助", "module": "node_registry", "func_name": "register_nodes_to_graph", "line_number": 121, "context": {}}
{"timestamp": "2026-05-13 15:55:49.886", "level": "INFO", "message": "   📋 注册到工作流: 模型训练", "module": "node_registry", "func_name": "register_nodes_to_graph", "line_number": 121, "context": {}}
{"timestamp": "2026-05-13 15:55:49.890", "level": "INFO", "message": "   📋 注册到工作流: 模型量化", "module": "node_registry", "func_name": "register_nodes_to_graph", "line_number": 121, "context": {}}
{"timestamp": "2026-05-13 15:55:49.896", "level": "INFO", "message": "✅ ✅ 插件 YOLO视觉 注册完成", "module": "node_registry", "func_name": "register_nodes_to_graph", "line_number": 124, "context": {}}
{"timestamp": "2026-05-13 15:55:49.899", "level": "INFO", "message": "\n============================================================", "module": "node_registry", "func_name": "register_nodes_to_graph", "line_number": 131, "context": {}}
{"timestamp": "2026-05-13 15:55:49.904", "level": "INFO", "message": "✅ ✅ 节点注册完成，共注册 45 个节点类型", "module": "node_registry", "func_name": "register_nodes_to_graph", "line_number": 132, "context": {}}
{"timestamp": "2026-05-13 15:55:49.907", "level": "INFO", "message": "============================================================", "module": "node_registry", "func_name": "register_nodes_to_graph", "line_number": 133, "context": {}}
{"timestamp": "2026-05-13 15:55:49.925", "level": "INFO", "message": "🔄 切换到工作流: 工作流 1", "module": "project_ui_manager", "func_name": "on_tab_changed", "line_number": 168, "context": {}}
{"timestamp": "2026-05-13 15:55:49.929", "level": "INFO", "message": "首次创建工作流，初始化共享组件...", "module": "project_ui_manager", "func_name": "add_workflow_tab", "line_number": 109, "context": {}}
{"timestamp": "2026-05-13 15:55:49.938", "level": "INFO", "message": "📋 从插件 内置节点 获取到 group 排序: ['Image_Source', 'Image_Analysis', 'Image_Transform', 'Image_Process', 'Integration', 'OCR', 'YOLO']", "module": "main_window", "func_name": "_rename_palette_tabs_by_category", "line_number": 1796, "context": {}}
{"timestamp": "2026-05-13 15:55:49.943", "level": "INFO", "message": "🔄 节点库标签重命名: 'Image_Analysis' -> '图像分析'", "module": "main_window", "func_name": "_rename_palette_tabs_by_category", "line_number": 1811, "context": {}}
{"timestamp": "2026-05-13 15:55:49.949", "level": "INFO", "message": "🔄 节点库标签重命名: 'Image_Transform' -> '图像变换'", "module": "main_window", "func_name": "_rename_palette_tabs_by_category", "line_number": 1811, "context": {}}
{"timestamp": "2026-05-13 15:55:49.954", "level": "INFO", "message": "🔄 节点库标签重命名: 'Image_Process' -> '图像处理'", "module": "main_window", "func_name": "_rename_palette_tabs_by_category", "line_number": 1811, "context": {}}
{"timestamp": "2026-05-13 15:55:49.958", "level": "INFO", "message": "🔄 节点库标签重命名: 'Image_Source' -> '图像源'", "module": "main_window", "func_name": "_rename_palette_tabs_by_category", "line_number": 1811, "context": {}}
{"timestamp": "2026-05-13 15:55:49.963", "level": "INFO", "message": "🔄 节点库标签重命名: 'Integration' -> '系统集成'", "module": "main_window", "func_name": "_rename_palette_tabs_by_category", "line_number": 1811, "context": {}}
{"timestamp": "2026-05-13 15:55:49.966", "level": "INFO", "message": "🔄 节点库标签重命名: 'ocr_vision' -> 'OCR'", "module": "main_window", "func_name": "_rename_palette_tabs_by_category", "line_number": 1815, "context": {}}
{"timestamp": "2026-05-13 15:55:49.972", "level": "INFO", "message": "🔄 节点库标签重命名: 'yolo_vision' -> 'YOLO'", "module": "main_window", "func_name": "_rename_palette_tabs_by_category", "line_number": 1815, "context": {}}
{"timestamp": "2026-05-13 15:55:49.977", "level": "INFO", "message": "🔄 排序后的标签顺序: ['图像源', '图像分析', '图像变换', '图像处理', '系统集成', 'OCR', 'YOLO', 'nodeGraphQt.nodes']", "module": "main_window", "func_name": "_rename_palette_tabs_by_category", "line_number": 1840, "context": {}}
{"timestamp": "2026-05-13 15:55:49.980", "level": "INFO", "message": "✅ 节点库标签重命名和排序完成", "module": "main_window", "func_name": "_rename_palette_tabs_by_category", "line_number": 1861, "context": {}}
{"timestamp": "2026-05-13 15:55:49.985", "level": "INFO", "message": "✅ 节点库按知识结构重新分组完成", "module": "main_window", "func_name": "_regroup_nodes_by_knowledge_structure", "line_number": 1757, "context": {}}
{"timestamp": "2026-05-13 15:55:49.988", "level": "INFO", "message": "✅ nodeGraphQt.nodes 标签已隐藏", "module": "main_window", "func_name": "_customize_node_palette", "line_number": 1549, "context": {}}
{"timestamp": "2026-05-13 15:55:50.002", "level": "INFO", "message": "✅ 共享组件初始化完成", "module": "main_window", "func_name": "_initialize_shared_components", "line_number": 461, "context": {}}
{"timestamp": "2026-05-13 15:55:50.012", "level": "INFO", "message": "🔄 切换到工作流: 工作流 1", "module": "project_ui_manager", "func_name": "on_tab_changed", "line_number": 168, "context": {}}
{"timestamp": "2026-05-13 15:55:50.016", "level": "INFO", "message": "✅ ✅ 添加工作流标签页: 工作流 1", "module": "project_ui_manager", "func_name": "add_workflow_tab", "line_number": 116, "context": {}}
{"timestamp": "2026-05-13 15:55:50.065", "level": "INFO", "message": "启动时应用保存的主题: light", "module": "theme", "func_name": "_apply_saved_theme", "line_number": 117, "context": {}}
{"timestamp": "2026-05-13 15:55:50.107", "level": "INFO", "message": "主题已切换为: light", "module": "theme", "func_name": "apply_theme", "line_number": 159, "context": {}}
{"timestamp": "2026-05-13 15:55:50.148", "level": "INFO", "message": "🎨 启动时应用主题: light", "module": "main_window", "func_name": "_apply_theme_on_startup", "line_number": 1375, "context": {}}
