{"timestamp": "2026-05-13 16:39:43.111", "level": "INFO", "message": "\n============================================================", "module": "main_window", "func_name": "_load_plugins", "line_number": 233, "context": {}}
{"timestamp": "2026-05-13 16:39:43.114", "level": "INFO", "message": "正在加载插件...", "module": "main_window", "func_name": "_load_plugins", "line_number": 234, "context": {}}
{"timestamp": "2026-05-13 16:39:43.115", "level": "INFO", "message": "============================================================", "module": "main_window", "func_name": "_load_plugins", "line_number": 235, "context": {}}
{"timestamp": "2026-05-13 16:39:43.119", "level": "INFO", "message": "\n📦 扫描内置插件 (builtin)...", "module": "plugin_manager", "func_name": "scan_plugins", "line_number": 82, "context": {}}
{"timestamp": "2026-05-13 16:39:43.121", "level": "INFO", "message": "   ✅ builtin (source: builtin, new structure)", "module": "plugin_manager", "func_name": "_scan_directory", "line_number": 120, "context": {}}
{"timestamp": "2026-05-13 16:39:43.124", "level": "INFO", "message": "\n📦 扫描市场插件 (marketplace)...", "module": "plugin_manager", "func_name": "scan_plugins", "line_number": 88, "context": {}}
{"timestamp": "2026-05-13 16:39:43.127", "level": "INFO", "message": "   ✅ ocr_vision (source: marketplace)", "module": "plugin_manager", "func_name": "_scan_directory", "line_number": 130, "context": {}}
{"timestamp": "2026-05-13 16:39:43.130", "level": "INFO", "message": "   ✅ yolo_vision (source: marketplace)", "module": "plugin_manager", "func_name": "_scan_directory", "line_number": 130, "context": {}}
{"timestamp": "2026-05-13 16:39:43.131", "level": "INFO", "message": "\n✅ 共扫描到 3 个插件", "module": "plugin_manager", "func_name": "scan_plugins", "line_number": 92, "context": {}}
{"timestamp": "2026-05-13 16:39:43.134", "level": "INFO", "message": "发现 3 个插件\n", "module": "main_window", "func_name": "_load_plugins", "line_number": 239, "context": {}}
{"timestamp": "2026-05-13 16:39:43.137", "level": "INFO", "message": "📦 待加载插件: 内置节点, OCR识别, YOLO视觉", "module": "main_window", "func_name": "_load_plugins", "line_number": 250, "context": {}}
{"timestamp": "2026-05-13 16:39:43.138", "level": "INFO", "message": "============================================================\n", "module": "main_window", "func_name": "_load_plugins", "line_number": 252, "context": {}}
{"timestamp": "2026-05-13 16:39:43.999", "level": "INFO", "message": "✅ ✅ 创建新工程: 默认工程", "module": "project_manager", "func_name": "create_project", "line_number": 433, "context": {}}
{"timestamp": "2026-05-13 16:39:44.012", "level": "INFO", "message": "\n============================================================", "module": "node_registry", "func_name": "register_nodes_to_graph", "line_number": 95, "context": {}}
{"timestamp": "2026-05-13 16:39:44.016", "level": "INFO", "message": "📦 开始注册节点到 NodeGraph", "module": "node_registry", "func_name": "register_nodes_to_graph", "line_number": 96, "context": {}}
{"timestamp": "2026-05-13 16:39:44.021", "level": "INFO", "message": "============================================================", "module": "node_registry", "func_name": "register_nodes_to_graph", "line_number": 97, "context": {}}
{"timestamp": "2026-05-13 16:39:44.027", "level": "INFO", "message": "发现 3 个插件", "module": "node_registry", "func_name": "register_nodes_to_graph", "line_number": 102, "context": {}}
{"timestamp": "2026-05-13 16:39:44.031", "level": "INFO", "message": "\n--- 处理插件: 内置节点 ---", "module": "node_registry", "func_name": "register_nodes_to_graph", "line_number": 107, "context": {}}
{"timestamp": "2026-05-13 16:39:44.209", "level": "INFO", "message": "   ✅ 注册节点: 图像操作", "module": "plugin_manager", "func_name": "load_plugin_nodes", "line_number": 383, "context": {}}
{"timestamp": "2026-05-13 16:39:44.213", "level": "INFO", "message": "   ✅ 注册节点: 灰度化", "module": "plugin_manager", "func_name": "load_plugin_nodes", "line_number": 383, "context": {}}
{"timestamp": "2026-05-13 16:39:44.217", "level": "INFO", "message": "   ✅ 注册节点: 高斯模糊", "module": "plugin_manager", "func_name": "load_plugin_nodes", "line_number": 383, "context": {}}
{"timestamp": "2026-05-13 16:39:44.220", "level": "INFO", "message": "   ✅ 注册节点: 中值滤波", "module": "plugin_manager", "func_name": "load_plugin_nodes", "line_number": 383, "context": {}}
{"timestamp": "2026-05-13 16:39:44.224", "level": "INFO", "message": "   ✅ 注册节点: 双边滤波", "module": "plugin_manager", "func_name": "load_plugin_nodes", "line_number": 383, "context": {}}
{"timestamp": "2026-05-13 16:39:44.226", "level": "INFO", "message": "   ✅ 注册节点: 亮度对比度", "module": "plugin_manager", "func_name": "load_plugin_nodes", "line_number": 383, "context": {}}
{"timestamp": "2026-05-13 16:39:44.231", "level": "INFO", "message": "   ✅ 注册节点: 直方图均衡化", "module": "plugin_manager", "func_name": "load_plugin_nodes", "line_number": 383, "context": {}}
{"timestamp": "2026-05-13 16:39:44.233", "level": "INFO", "message": "   ✅ 注册节点: 阈值二值化", "module": "plugin_manager", "func_name": "load_plugin_nodes", "line_number": 383, "context": {}}
{"timestamp": "2026-05-13 16:39:44.236", "level": "INFO", "message": "   ✅ 注册节点: 自适应阈值", "module": "plugin_manager", "func_name": "load_plugin_nodes", "line_number": 383, "context": {}}
{"timestamp": "2026-05-13 16:39:44.241", "level": "INFO", "message": "   ✅ 注册节点: 形态学操作", "module": "plugin_manager", "func_name": "load_plugin_nodes", "line_number": 383, "context": {}}
{"timestamp": "2026-05-13 16:39:44.244", "level": "INFO", "message": "   ✅ 注册节点: 图像缩放", "module": "plugin_manager", "func_name": "load_plugin_nodes", "line_number": 383, "context": {}}
{"timestamp": "2026-05-13 16:39:44.247", "level": "INFO", "message": "   ✅ 注册节点: 图像旋转", "module": "plugin_manager", "func_name": "load_plugin_nodes", "line_number": 383, "context": {}}
{"timestamp": "2026-05-13 16:39:44.250", "level": "INFO", "message": "   ✅ 注册节点: 图像评估", "module": "plugin_manager", "func_name": "load_plugin_nodes", "line_number": 383, "context": {}}
{"timestamp": "2026-05-13 16:39:44.255", "level": "INFO", "message": "   ✅ 注册节点: Canny算子", "module": "plugin_manager", "func_name": "load_plugin_nodes", "line_number": 383, "context": {}}
{"timestamp": "2026-05-13 16:39:44.255", "level": "INFO", "message": "   ✅ 注册节点: Sobel算子", "module": "plugin_manager", "func_name": "load_plugin_nodes", "line_number": 383, "context": {}}
{"timestamp": "2026-05-13 16:39:44.262", "level": "INFO", "message": "   ✅ 注册节点: 轮廓分析", "module": "plugin_manager", "func_name": "load_plugin_nodes", "line_number": 383, "context": {}}
{"timestamp": "2026-05-13 16:39:44.265", "level": "INFO", "message": "   ✅ 注册节点: Laplacian算子", "module": "plugin_manager", "func_name": "load_plugin_nodes", "line_number": 383, "context": {}}
{"timestamp": "2026-05-13 16:39:44.268", "level": "INFO", "message": "   ✅ 注册节点: Harris角点", "module": "plugin_manager", "func_name": "load_plugin_nodes", "line_number": 383, "context": {}}
{"timestamp": "2026-05-13 16:39:44.273", "level": "INFO", "message": "   ✅ 注册节点: Hough直线", "module": "plugin_manager", "func_name": "load_plugin_nodes", "line_number": 383, "context": {}}
{"timestamp": "2026-05-13 16:39:44.277", "level": "INFO", "message": "   ✅ 注册节点: Hough圆", "module": "plugin_manager", "func_name": "load_plugin_nodes", "line_number": 383, "context": {}}
{"timestamp": "2026-05-13 16:39:44.279", "level": "INFO", "message": "   ✅ 注册节点: 模板创建", "module": "plugin_manager", "func_name": "load_plugin_nodes", "line_number": 383, "context": {}}
{"timestamp": "2026-05-13 16:39:44.283", "level": "INFO", "message": "   ✅ 注册节点: 模板匹配", "module": "plugin_manager", "func_name": "load_plugin_nodes", "line_number": 383, "context": {}}
{"timestamp": "2026-05-13 16:39:44.287", "level": "INFO", "message": "   ✅ 注册节点: 加载图像", "module": "plugin_manager", "func_name": "load_plugin_nodes", "line_number": 383, "context": {}}
{"timestamp": "2026-05-13 16:39:44.289", "level": "INFO", "message": "   ✅ 注册节点: 保存图像", "module": "plugin_manager", "func_name": "load_plugin_nodes", "line_number": 383, "context": {}}
{"timestamp": "2026-05-13 16:39:44.294", "level": "INFO", "message": "   ✅ 注册节点: 图像显示", "module": "plugin_manager", "func_name": "load_plugin_nodes", "line_number": 383, "context": {}}
{"timestamp": "2026-05-13 16:39:44.298", "level": "INFO", "message": "   ✅ 注册节点: 相机采集", "module": "plugin_manager", "func_name": "load_plugin_nodes", "line_number": 383, "context": {}}
{"timestamp": "2026-05-13 16:39:44.301", "level": "INFO", "message": "   ✅ 注册节点: 实时预览", "module": "plugin_manager", "func_name": "load_plugin_nodes", "line_number": 383, "context": {}}
{"timestamp": "2026-05-13 16:39:44.305", "level": "INFO", "message": "   ✅ 注册节点: 视频录制", "module": "plugin_manager", "func_name": "load_plugin_nodes", "line_number": 383, "context": {}}
{"timestamp": "2026-05-13 16:39:44.310", "level": "INFO", "message": "   ✅ 注册节点: 快速检测", "module": "plugin_manager", "func_name": "load_plugin_nodes", "line_number": 383, "context": {}}
{"timestamp": "2026-05-13 16:39:44.321", "level": "INFO", "message": "   ✅ 注册节点: 数据显示", "module": "plugin_manager", "func_name": "load_plugin_nodes", "line_number": 383, "context": {}}
{"timestamp": "2026-05-13 16:39:44.324", "level": "INFO", "message": "   ✅ 注册节点: PLC通信", "module": "plugin_manager", "func_name": "load_plugin_nodes", "line_number": 383, "context": {}}
{"timestamp": "2026-05-13 16:39:44.329", "level": "INFO", "message": "   ✅ 注册节点: 数据输出", "module": "plugin_manager", "func_name": "load_plugin_nodes", "line_number": 383, "context": {}}
{"timestamp": "2026-05-13 16:39:44.334", "level": "INFO", "message": "   ✅ 注册节点: 机器人通信", "module": "plugin_manager", "func_name": "load_plugin_nodes", "line_number": 383, "context": {}}
{"timestamp": "2026-05-13 16:39:44.339", "level": "INFO", "message": "   ✅ 注册节点: 圆检测", "module": "plugin_manager", "func_name": "load_plugin_nodes", "line_number": 383, "context": {}}
{"timestamp": "2026-05-13 16:39:44.342", "level": "INFO", "message": "   ✅ 注册节点: 金字塔", "module": "plugin_manager", "func_name": "load_plugin_nodes", "line_number": 383, "context": {}}
{"timestamp": "2026-05-13 16:39:44.345", "level": "INFO", "message": "✅ 插件 内置节点 加载完成，注册 35 个节点", "module": "plugin_manager", "func_name": "load_plugin_nodes", "line_number": 387, "context": {}}
{"timestamp": "2026-05-13 16:39:44.371", "level": "INFO", "message": "   📋 注册到工作流: 图像操作", "module": "node_registry", "func_name": "register_nodes_to_graph", "line_number": 121, "context": {}}
{"timestamp": "2026-05-13 16:39:44.373", "level": "INFO", "message": "   📋 注册到工作流: 灰度化", "module": "node_registry", "func_name": "register_nodes_to_graph", "line_number": 121, "context": {}}
{"timestamp": "2026-05-13 16:39:44.378", "level": "INFO", "message": "   📋 注册到工作流: 高斯模糊", "module": "node_registry", "func_name": "register_nodes_to_graph", "line_number": 121, "context": {}}
{"timestamp": "2026-05-13 16:39:44.382", "level": "INFO", "message": "   📋 注册到工作流: 中值模糊", "module": "node_registry", "func_name": "register_nodes_to_graph", "line_number": 121, "context": {}}
{"timestamp": "2026-05-13 16:39:44.386", "level": "INFO", "message": "   📋 注册到工作流: 双边滤波", "module": "node_registry", "func_name": "register_nodes_to_graph", "line_number": 121, "context": {}}
{"timestamp": "2026-05-13 16:39:44.390", "level": "INFO", "message": "   📋 注册到工作流: 亮度对比度", "module": "node_registry", "func_name": "register_nodes_to_graph", "line_number": 121, "context": {}}
{"timestamp": "2026-05-13 16:39:44.393", "level": "INFO", "message": "   📋 注册到工作流: 直方图均衡化", "module": "node_registry", "func_name": "register_nodes_to_graph", "line_number": 121, "context": {}}
{"timestamp": "2026-05-13 16:39:44.397", "level": "INFO", "message": "   📋 注册到工作流: 阈值处理", "module": "node_registry", "func_name": "register_nodes_to_graph", "line_number": 121, "context": {}}
{"timestamp": "2026-05-13 16:39:44.400", "level": "INFO", "message": "   📋 注册到工作流: 自适应阈值", "module": "node_registry", "func_name": "register_nodes_to_graph", "line_number": 121, "context": {}}
{"timestamp": "2026-05-13 16:39:44.403", "level": "INFO", "message": "   📋 注册到工作流: 形态学", "module": "node_registry", "func_name": "register_nodes_to_graph", "line_number": 121, "context": {}}
{"timestamp": "2026-05-13 16:39:44.405", "level": "INFO", "message": "   📋 注册到工作流: 图像缩放", "module": "node_registry", "func_name": "register_nodes_to_graph", "line_number": 121, "context": {}}
{"timestamp": "2026-05-13 16:39:44.410", "level": "INFO", "message": "   📋 注册到工作流: 图像旋转", "module": "node_registry", "func_name": "register_nodes_to_graph", "line_number": 121, "context": {}}
{"timestamp": "2026-05-13 16:39:44.413", "level": "INFO", "message": "   📋 注册到工作流: 图像评估", "module": "node_registry", "func_name": "register_nodes_to_graph", "line_number": 121, "context": {}}
{"timestamp": "2026-05-13 16:39:44.415", "level": "INFO", "message": "   📋 注册到工作流: Canny算子", "module": "node_registry", "func_name": "register_nodes_to_graph", "line_number": 121, "context": {}}
{"timestamp": "2026-05-13 16:39:44.419", "level": "INFO", "message": "   📋 注册到工作流: Sobel算子", "module": "node_registry", "func_name": "register_nodes_to_graph", "line_number": 121, "context": {}}
{"timestamp": "2026-05-13 16:39:44.422", "level": "INFO", "message": "   📋 注册到工作流: 轮廓分析", "module": "node_registry", "func_name": "register_nodes_to_graph", "line_number": 121, "context": {}}
{"timestamp": "2026-05-13 16:39:44.424", "level": "INFO", "message": "   📋 注册到工作流: Laplacian算子", "module": "node_registry", "func_name": "register_nodes_to_graph", "line_number": 121, "context": {}}
{"timestamp": "2026-05-13 16:39:44.428", "level": "INFO", "message": "   📋 注册到工作流: Harris角点", "module": "node_registry", "func_name": "register_nodes_to_graph", "line_number": 121, "context": {}}
{"timestamp": "2026-05-13 16:39:44.430", "level": "INFO", "message": "   📋 注册到工作流: Hough直线", "module": "node_registry", "func_name": "register_nodes_to_graph", "line_number": 121, "context": {}}
{"timestamp": "2026-05-13 16:39:44.433", "level": "INFO", "message": "   📋 注册到工作流: Hough圆", "module": "node_registry", "func_name": "register_nodes_to_graph", "line_number": 121, "context": {}}
{"timestamp": "2026-05-13 16:39:44.437", "level": "INFO", "message": "   📋 注册到工作流: 模板创建", "module": "node_registry", "func_name": "register_nodes_to_graph", "line_number": 121, "context": {}}
{"timestamp": "2026-05-13 16:39:44.443", "level": "INFO", "message": "   📋 注册到工作流: 模板匹配", "module": "node_registry", "func_name": "register_nodes_to_graph", "line_number": 121, "context": {}}
{"timestamp": "2026-05-13 16:39:44.445", "level": "INFO", "message": "   📋 注册到工作流: 图像加载", "module": "node_registry", "func_name": "register_nodes_to_graph", "line_number": 121, "context": {}}
{"timestamp": "2026-05-13 16:39:44.449", "level": "INFO", "message": "   📋 注册到工作流: 图像保存", "module": "node_registry", "func_name": "register_nodes_to_graph", "line_number": 121, "context": {}}
{"timestamp": "2026-05-13 16:39:44.451", "level": "INFO", "message": "   📋 注册到工作流: 图像显示", "module": "node_registry", "func_name": "register_nodes_to_graph", "line_number": 121, "context": {}}
{"timestamp": "2026-05-13 16:39:44.455", "level": "INFO", "message": "   📋 注册到工作流: 相机采集", "module": "node_registry", "func_name": "register_nodes_to_graph", "line_number": 121, "context": {}}
{"timestamp": "2026-05-13 16:39:44.458", "level": "INFO", "message": "   📋 注册到工作流: 实时预览", "module": "node_registry", "func_name": "register_nodes_to_graph", "line_number": 121, "context": {}}
{"timestamp": "2026-05-13 16:39:44.461", "level": "INFO", "message": "   📋 注册到工作流: 视频录制", "module": "node_registry", "func_name": "register_nodes_to_graph", "line_number": 121, "context": {}}
{"timestamp": "2026-05-13 16:39:44.464", "level": "INFO", "message": "   📋 注册到工作流: 快速检测", "module": "node_registry", "func_name": "register_nodes_to_graph", "line_number": 121, "context": {}}
{"timestamp": "2026-05-13 16:39:44.467", "level": "INFO", "message": "   📋 注册到工作流: JSON显示", "module": "node_registry", "func_name": "register_nodes_to_graph", "line_number": 121, "context": {}}
{"timestamp": "2026-05-13 16:39:44.470", "level": "INFO", "message": "   📋 注册到工作流: PLC通信", "module": "node_registry", "func_name": "register_nodes_to_graph", "line_number": 121, "context": {}}
{"timestamp": "2026-05-13 16:39:44.474", "level": "INFO", "message": "   📋 注册到工作流: 数据输出", "module": "node_registry", "func_name": "register_nodes_to_graph", "line_number": 121, "context": {}}
{"timestamp": "2026-05-13 16:39:44.476", "level": "INFO", "message": "   📋 注册到工作流: 机器人通信", "module": "node_registry", "func_name": "register_nodes_to_graph", "line_number": 121, "context": {}}
{"timestamp": "2026-05-13 16:39:44.479", "level": "INFO", "message": "   📋 注册到工作流: 圆检测", "module": "node_registry", "func_name": "register_nodes_to_graph", "line_number": 121, "context": {}}
{"timestamp": "2026-05-13 16:39:44.482", "level": "INFO", "message": "   📋 注册到工作流: 金字塔", "module": "node_registry", "func_name": "register_nodes_to_graph", "line_number": 121, "context": {}}
{"timestamp": "2026-05-13 16:39:44.484", "level": "INFO", "message": "✅ ✅ 插件 内置节点 注册完成", "module": "node_registry", "func_name": "register_nodes_to_graph", "line_number": 124, "context": {}}
{"timestamp": "2026-05-13 16:39:44.488", "level": "INFO", "message": "\n--- 处理插件: OCR识别 ---", "module": "node_registry", "func_name": "register_nodes_to_graph", "line_number": 107, "context": {}}
{"timestamp": "2026-05-13 16:39:44.508", "level": "INFO", "message": "   ✅ 注册节点: OCR 文字识别", "module": "plugin_manager", "func_name": "load_plugin_nodes", "line_number": 383, "context": {}}
{"timestamp": "2026-05-13 16:39:44.512", "level": "INFO", "message": "   ✅ 注册节点: OCR 表格识别", "module": "plugin_manager", "func_name": "load_plugin_nodes", "line_number": 383, "context": {}}
{"timestamp": "2026-05-13 16:39:44.515", "level": "INFO", "message": "   ✅ 注册节点: OCR 版面分析", "module": "plugin_manager", "func_name": "load_plugin_nodes", "line_number": 383, "context": {}}
{"timestamp": "2026-05-13 16:39:44.518", "level": "INFO", "message": "✅ 插件 OCR识别 加载完成，注册 3 个节点", "module": "plugin_manager", "func_name": "load_plugin_nodes", "line_number": 387, "context": {}}
{"timestamp": "2026-05-13 16:39:44.527", "level": "INFO", "message": "   📋 注册到工作流: OCR 文字识别", "module": "node_registry", "func_name": "register_nodes_to_graph", "line_number": 121, "context": {}}
{"timestamp": "2026-05-13 16:39:44.530", "level": "INFO", "message": "   📋 注册到工作流: OCR 表格识别", "module": "node_registry", "func_name": "register_nodes_to_graph", "line_number": 121, "context": {}}
{"timestamp": "2026-05-13 16:39:44.534", "level": "INFO", "message": "   📋 注册到工作流: OCR 版面分析", "module": "node_registry", "func_name": "register_nodes_to_graph", "line_number": 121, "context": {}}
{"timestamp": "2026-05-13 16:39:44.538", "level": "INFO", "message": "✅ ✅ 插件 OCR识别 注册完成", "module": "node_registry", "func_name": "register_nodes_to_graph", "line_number": 124, "context": {}}
{"timestamp": "2026-05-13 16:39:44.541", "level": "INFO", "message": "\n--- 处理插件: YOLO视觉 ---", "module": "node_registry", "func_name": "register_nodes_to_graph", "line_number": 107, "context": {}}
{"timestamp": "2026-05-13 16:39:44.575", "level": "INFO", "message": "   ✅ 注册节点: 目标检测", "module": "plugin_manager", "func_name": "load_plugin_nodes", "line_number": 383, "context": {}}
{"timestamp": "2026-05-13 16:39:44.580", "level": "INFO", "message": "   ✅ 注册节点: 图像分类", "module": "plugin_manager", "func_name": "load_plugin_nodes", "line_number": 383, "context": {}}
{"timestamp": "2026-05-13 16:39:44.583", "level": "INFO", "message": "   ✅ 注册节点: 实例分割", "module": "plugin_manager", "func_name": "load_plugin_nodes", "line_number": 383, "context": {}}
{"timestamp": "2026-05-13 16:39:44.585", "level": "INFO", "message": "   ✅ 注册节点: 姿态估计", "module": "plugin_manager", "func_name": "load_plugin_nodes", "line_number": 383, "context": {}}
{"timestamp": "2026-05-13 16:39:44.590", "level": "INFO", "message": "   ✅ 注册节点: 标注辅助", "module": "plugin_manager", "func_name": "load_plugin_nodes", "line_number": 383, "context": {}}
{"timestamp": "2026-05-13 16:39:44.593", "level": "INFO", "message": "   ✅ 注册节点: 模型训练", "module": "plugin_manager", "func_name": "load_plugin_nodes", "line_number": 383, "context": {}}
{"timestamp": "2026-05-13 16:39:44.596", "level": "INFO", "message": "   ✅ 注册节点: 模型量化", "module": "plugin_manager", "func_name": "load_plugin_nodes", "line_number": 383, "context": {}}
{"timestamp": "2026-05-13 16:39:44.600", "level": "INFO", "message": "✅ 插件 YOLO视觉 加载完成，注册 7 个节点", "module": "plugin_manager", "func_name": "load_plugin_nodes", "line_number": 387, "context": {}}
{"timestamp": "2026-05-13 16:39:44.615", "level": "INFO", "message": "   📋 注册到工作流: 目标检测", "module": "node_registry", "func_name": "register_nodes_to_graph", "line_number": 121, "context": {}}
{"timestamp": "2026-05-13 16:39:44.618", "level": "INFO", "message": "   📋 注册到工作流: 图像分类", "module": "node_registry", "func_name": "register_nodes_to_graph", "line_number": 121, "context": {}}
{"timestamp": "2026-05-13 16:39:44.623", "level": "INFO", "message": "   📋 注册到工作流: 实例分割", "module": "node_registry", "func_name": "register_nodes_to_graph", "line_number": 121, "context": {}}
{"timestamp": "2026-05-13 16:39:44.627", "level": "INFO", "message": "   📋 注册到工作流: 姿态估计", "module": "node_registry", "func_name": "register_nodes_to_graph", "line_number": 121, "context": {}}
{"timestamp": "2026-05-13 16:39:44.630", "level": "INFO", "message": "   📋 注册到工作流: 标注辅助", "module": "node_registry", "func_name": "register_nodes_to_graph", "line_number": 121, "context": {}}
{"timestamp": "2026-05-13 16:39:44.632", "level": "INFO", "message": "   📋 注册到工作流: 模型训练", "module": "node_registry", "func_name": "register_nodes_to_graph", "line_number": 121, "context": {}}
{"timestamp": "2026-05-13 16:39:44.638", "level": "INFO", "message": "   📋 注册到工作流: 模型量化", "module": "node_registry", "func_name": "register_nodes_to_graph", "line_number": 121, "context": {}}
{"timestamp": "2026-05-13 16:39:44.642", "level": "INFO", "message": "✅ ✅ 插件 YOLO视觉 注册完成", "module": "node_registry", "func_name": "register_nodes_to_graph", "line_number": 124, "context": {}}
{"timestamp": "2026-05-13 16:39:44.645", "level": "INFO", "message": "\n============================================================", "module": "node_registry", "func_name": "register_nodes_to_graph", "line_number": 131, "context": {}}
{"timestamp": "2026-05-13 16:39:44.648", "level": "INFO", "message": "✅ ✅ 节点注册完成，共注册 45 个节点类型", "module": "node_registry", "func_name": "register_nodes_to_graph", "line_number": 132, "context": {}}
{"timestamp": "2026-05-13 16:39:44.650", "level": "INFO", "message": "============================================================", "module": "node_registry", "func_name": "register_nodes_to_graph", "line_number": 133, "context": {}}
{"timestamp": "2026-05-13 16:39:44.669", "level": "INFO", "message": "🔄 切换到工作流: 工作流 1", "module": "project_ui_manager", "func_name": "on_tab_changed", "line_number": 168, "context": {}}
{"timestamp": "2026-05-13 16:39:44.672", "level": "INFO", "message": "首次创建工作流，初始化共享组件...", "module": "project_ui_manager", "func_name": "add_workflow_tab", "line_number": 109, "context": {}}
{"timestamp": "2026-05-13 16:39:44.683", "level": "INFO", "message": "📋 从插件 内置节点 获取到 group 排序: ['Image_Source', 'Image_Analysis', 'Image_Transform', 'Image_Process', 'Integration', 'OCR', 'YOLO']", "module": "main_window", "func_name": "_rename_palette_tabs_by_category", "line_number": 1796, "context": {}}
{"timestamp": "2026-05-13 16:39:44.687", "level": "INFO", "message": "🔄 节点库标签重命名: 'Image_Analysis' -> '图像分析'", "module": "main_window", "func_name": "_rename_palette_tabs_by_category", "line_number": 1811, "context": {}}
{"timestamp": "2026-05-13 16:39:44.689", "level": "INFO", "message": "🔄 节点库标签重命名: 'Image_Transform' -> '图像变换'", "module": "main_window", "func_name": "_rename_palette_tabs_by_category", "line_number": 1811, "context": {}}
{"timestamp": "2026-05-13 16:39:44.694", "level": "INFO", "message": "🔄 节点库标签重命名: 'Image_Process' -> '图像处理'", "module": "main_window", "func_name": "_rename_palette_tabs_by_category", "line_number": 1811, "context": {}}
{"timestamp": "2026-05-13 16:39:44.698", "level": "INFO", "message": "🔄 节点库标签重命名: 'Image_Source' -> '图像源'", "module": "main_window", "func_name": "_rename_palette_tabs_by_category", "line_number": 1811, "context": {}}
{"timestamp": "2026-05-13 16:39:44.703", "level": "INFO", "message": "🔄 节点库标签重命名: 'Integration' -> '系统集成'", "module": "main_window", "func_name": "_rename_palette_tabs_by_category", "line_number": 1811, "context": {}}
{"timestamp": "2026-05-13 16:39:44.708", "level": "INFO", "message": "🔄 节点库标签重命名: 'ocr_vision' -> 'OCR'", "module": "main_window", "func_name": "_rename_palette_tabs_by_category", "line_number": 1815, "context": {}}
{"timestamp": "2026-05-13 16:39:44.711", "level": "INFO", "message": "🔄 节点库标签重命名: 'yolo_vision' -> 'YOLO'", "module": "main_window", "func_name": "_rename_palette_tabs_by_category", "line_number": 1815, "context": {}}
{"timestamp": "2026-05-13 16:39:44.714", "level": "INFO", "message": "🔄 排序后的标签顺序: ['图像源', '图像分析', '图像变换', '图像处理', '系统集成', 'OCR', 'YOLO', 'nodeGraphQt.nodes']", "module": "main_window", "func_name": "_rename_palette_tabs_by_category", "line_number": 1840, "context": {}}
{"timestamp": "2026-05-13 16:39:44.719", "level": "INFO", "message": "✅ 节点库标签重命名和排序完成", "module": "main_window", "func_name": "_rename_palette_tabs_by_category", "line_number": 1861, "context": {}}
{"timestamp": "2026-05-13 16:39:44.722", "level": "INFO", "message": "✅ 节点库按知识结构重新分组完成", "module": "main_window", "func_name": "_regroup_nodes_by_knowledge_structure", "line_number": 1757, "context": {}}
{"timestamp": "2026-05-13 16:39:44.725", "level": "INFO", "message": "✅ nodeGraphQt.nodes 标签已隐藏", "module": "main_window", "func_name": "_customize_node_palette", "line_number": 1549, "context": {}}
{"timestamp": "2026-05-13 16:39:44.744", "level": "INFO", "message": "✅ 共享组件初始化完成", "module": "main_window", "func_name": "_initialize_shared_components", "line_number": 461, "context": {}}
{"timestamp": "2026-05-13 16:39:44.747", "level": "INFO", "message": "🔄 切换到工作流: 工作流 1", "module": "project_ui_manager", "func_name": "on_tab_changed", "line_number": 168, "context": {}}
{"timestamp": "2026-05-13 16:39:44.749", "level": "INFO", "message": "✅ ✅ 添加工作流标签页: 工作流 1", "module": "project_ui_manager", "func_name": "add_workflow_tab", "line_number": 116, "context": {}}
{"timestamp": "2026-05-13 16:39:44.787", "level": "INFO", "message": "启动时应用保存的主题: light", "module": "theme", "func_name": "_apply_saved_theme", "line_number": 117, "context": {}}
{"timestamp": "2026-05-13 16:39:44.840", "level": "INFO", "message": "主题已切换为: light", "module": "theme", "func_name": "apply_theme", "line_number": 159, "context": {}}
{"timestamp": "2026-05-13 16:39:44.872", "level": "INFO", "message": "🎨 启动时应用主题: light", "module": "main_window", "func_name": "_apply_theme_on_startup", "line_number": 1375, "context": {}}
