{"timestamp": "2026-05-15 13:32:50.579", "level": "INFO", "message": "\n============================================================", "module": "main_window", "func_name": "_load_plugins", "line_number": 233, "context": {}}
{"timestamp": "2026-05-15 13:32:50.583", "level": "INFO", "message": "正在加载插件...", "module": "main_window", "func_name": "_load_plugins", "line_number": 234, "context": {}}
{"timestamp": "2026-05-15 13:32:50.583", "level": "INFO", "message": "============================================================", "module": "main_window", "func_name": "_load_plugins", "line_number": 235, "context": {}}
{"timestamp": "2026-05-15 13:32:50.586", "level": "INFO", "message": "\n📦 扫描内置插件 (builtin)...", "module": "plugin_manager", "func_name": "scan_plugins", "line_number": 82, "context": {}}
{"timestamp": "2026-05-15 13:32:50.591", "level": "INFO", "message": "   ✅ builtin (source: builtin, new structure)", "module": "plugin_manager", "func_name": "_scan_directory", "line_number": 120, "context": {}}
{"timestamp": "2026-05-15 13:32:50.593", "level": "INFO", "message": "\n📦 扫描市场插件 (marketplace)...", "module": "plugin_manager", "func_name": "scan_plugins", "line_number": 88, "context": {}}
{"timestamp": "2026-05-15 13:32:50.597", "level": "INFO", "message": "   ✅ ocr_vision (source: marketplace)", "module": "plugin_manager", "func_name": "_scan_directory", "line_number": 130, "context": {}}
{"timestamp": "2026-05-15 13:32:50.601", "level": "INFO", "message": "   ✅ yolo_vision (source: marketplace)", "module": "plugin_manager", "func_name": "_scan_directory", "line_number": 130, "context": {}}
{"timestamp": "2026-05-15 13:32:50.603", "level": "INFO", "message": "\n✅ 共扫描到 3 个插件", "module": "plugin_manager", "func_name": "scan_plugins", "line_number": 92, "context": {}}
{"timestamp": "2026-05-15 13:32:50.606", "level": "INFO", "message": "发现 3 个插件\n", "module": "main_window", "func_name": "_load_plugins", "line_number": 239, "context": {}}
{"timestamp": "2026-05-15 13:32:50.608", "level": "INFO", "message": "📦 待加载插件: 内置节点, OCR识别, YOLO视觉", "module": "main_window", "func_name": "_load_plugins", "line_number": 250, "context": {}}
{"timestamp": "2026-05-15 13:32:50.610", "level": "INFO", "message": "============================================================\n", "module": "main_window", "func_name": "_load_plugins", "line_number": 252, "context": {}}
{"timestamp": "2026-05-15 13:32:51.105", "level": "INFO", "message": "✅ ✅ 创建新工程: 默认工程", "module": "project_manager", "func_name": "create_project", "line_number": 433, "context": {}}
{"timestamp": "2026-05-15 13:32:51.114", "level": "INFO", "message": "\n============================================================", "module": "node_registry", "func_name": "register_nodes_to_graph", "line_number": 95, "context": {}}
{"timestamp": "2026-05-15 13:32:51.119", "level": "INFO", "message": "📦 开始注册节点到 NodeGraph", "module": "node_registry", "func_name": "register_nodes_to_graph", "line_number": 96, "context": {}}
{"timestamp": "2026-05-15 13:32:51.123", "level": "INFO", "message": "============================================================", "module": "node_registry", "func_name": "register_nodes_to_graph", "line_number": 97, "context": {}}
{"timestamp": "2026-05-15 13:32:51.128", "level": "INFO", "message": "发现 3 个插件", "module": "node_registry", "func_name": "register_nodes_to_graph", "line_number": 102, "context": {}}
{"timestamp": "2026-05-15 13:32:51.131", "level": "INFO", "message": "\n--- 处理插件: 内置节点 ---", "module": "node_registry", "func_name": "register_nodes_to_graph", "line_number": 107, "context": {}}
{"timestamp": "2026-05-15 13:32:51.557", "level": "INFO", "message": "   ✅ 注册节点: 图像操作", "module": "plugin_manager", "func_name": "load_plugin_nodes", "line_number": 383, "context": {}}
{"timestamp": "2026-05-15 13:32:51.561", "level": "INFO", "message": "   ✅ 注册节点: 灰度化", "module": "plugin_manager", "func_name": "load_plugin_nodes", "line_number": 383, "context": {}}
{"timestamp": "2026-05-15 13:32:51.565", "level": "INFO", "message": "   ✅ 注册节点: 高斯模糊", "module": "plugin_manager", "func_name": "load_plugin_nodes", "line_number": 383, "context": {}}
{"timestamp": "2026-05-15 13:32:51.573", "level": "INFO", "message": "   ✅ 注册节点: 中值滤波", "module": "plugin_manager", "func_name": "load_plugin_nodes", "line_number": 383, "context": {}}
{"timestamp": "2026-05-15 13:32:51.577", "level": "INFO", "message": "   ✅ 注册节点: 双边滤波", "module": "plugin_manager", "func_name": "load_plugin_nodes", "line_number": 383, "context": {}}
{"timestamp": "2026-05-15 13:32:51.580", "level": "INFO", "message": "   ✅ 注册节点: 亮度对比度", "module": "plugin_manager", "func_name": "load_plugin_nodes", "line_number": 383, "context": {}}
{"timestamp": "2026-05-15 13:32:51.584", "level": "INFO", "message": "   ✅ 注册节点: 直方图均衡化", "module": "plugin_manager", "func_name": "load_plugin_nodes", "line_number": 383, "context": {}}
{"timestamp": "2026-05-15 13:32:51.587", "level": "INFO", "message": "   ✅ 注册节点: 阈值二值化", "module": "plugin_manager", "func_name": "load_plugin_nodes", "line_number": 383, "context": {}}
{"timestamp": "2026-05-15 13:32:51.591", "level": "INFO", "message": "   ✅ 注册节点: 自适应阈值", "module": "plugin_manager", "func_name": "load_plugin_nodes", "line_number": 383, "context": {}}
{"timestamp": "2026-05-15 13:32:51.596", "level": "INFO", "message": "   ✅ 注册节点: 形态学操作", "module": "plugin_manager", "func_name": "load_plugin_nodes", "line_number": 383, "context": {}}
{"timestamp": "2026-05-15 13:32:51.601", "level": "INFO", "message": "   ✅ 注册节点: 图像缩放", "module": "plugin_manager", "func_name": "load_plugin_nodes", "line_number": 383, "context": {}}
{"timestamp": "2026-05-15 13:32:51.604", "level": "INFO", "message": "   ✅ 注册节点: 图像旋转", "module": "plugin_manager", "func_name": "load_plugin_nodes", "line_number": 383, "context": {}}
{"timestamp": "2026-05-15 13:32:51.608", "level": "INFO", "message": "   ✅ 注册节点: 图像评估", "module": "plugin_manager", "func_name": "load_plugin_nodes", "line_number": 383, "context": {}}
{"timestamp": "2026-05-15 13:32:51.612", "level": "INFO", "message": "   ✅ 注册节点: Canny算子", "module": "plugin_manager", "func_name": "load_plugin_nodes", "line_number": 383, "context": {}}
{"timestamp": "2026-05-15 13:32:51.615", "level": "INFO", "message": "   ✅ 注册节点: Sobel算子", "module": "plugin_manager", "func_name": "load_plugin_nodes", "line_number": 383, "context": {}}
{"timestamp": "2026-05-15 13:32:51.619", "level": "INFO", "message": "   ✅ 注册节点: 轮廓分析", "module": "plugin_manager", "func_name": "load_plugin_nodes", "line_number": 383, "context": {}}
{"timestamp": "2026-05-15 13:32:51.623", "level": "INFO", "message": "   ✅ 注册节点: Laplacian算子", "module": "plugin_manager", "func_name": "load_plugin_nodes", "line_number": 383, "context": {}}
{"timestamp": "2026-05-15 13:32:51.625", "level": "INFO", "message": "   ✅ 注册节点: Harris角点", "module": "plugin_manager", "func_name": "load_plugin_nodes", "line_number": 383, "context": {}}
{"timestamp": "2026-05-15 13:32:51.629", "level": "INFO", "message": "   ✅ 注册节点: Hough直线", "module": "plugin_manager", "func_name": "load_plugin_nodes", "line_number": 383, "context": {}}
{"timestamp": "2026-05-15 13:32:51.633", "level": "INFO", "message": "   ✅ 注册节点: Hough圆", "module": "plugin_manager", "func_name": "load_plugin_nodes", "line_number": 383, "context": {}}
{"timestamp": "2026-05-15 13:32:51.637", "level": "INFO", "message": "   ✅ 注册节点: 模板创建", "module": "plugin_manager", "func_name": "load_plugin_nodes", "line_number": 383, "context": {}}
{"timestamp": "2026-05-15 13:32:51.639", "level": "INFO", "message": "   ✅ 注册节点: 模板匹配", "module": "plugin_manager", "func_name": "load_plugin_nodes", "line_number": 383, "context": {}}
{"timestamp": "2026-05-15 13:32:51.642", "level": "INFO", "message": "   ✅ 注册节点: 加载图像", "module": "plugin_manager", "func_name": "load_plugin_nodes", "line_number": 383, "context": {}}
{"timestamp": "2026-05-15 13:32:51.646", "level": "INFO", "message": "   ✅ 注册节点: 保存图像", "module": "plugin_manager", "func_name": "load_plugin_nodes", "line_number": 383, "context": {}}
{"timestamp": "2026-05-15 13:32:51.649", "level": "INFO", "message": "   ✅ 注册节点: 图像显示", "module": "plugin_manager", "func_name": "load_plugin_nodes", "line_number": 383, "context": {}}
{"timestamp": "2026-05-15 13:32:51.653", "level": "INFO", "message": "   ✅ 注册节点: 相机采集", "module": "plugin_manager", "func_name": "load_plugin_nodes", "line_number": 383, "context": {}}
{"timestamp": "2026-05-15 13:32:51.655", "level": "INFO", "message": "   ✅ 注册节点: 实时预览", "module": "plugin_manager", "func_name": "load_plugin_nodes", "line_number": 383, "context": {}}
{"timestamp": "2026-05-15 13:32:51.659", "level": "INFO", "message": "   ✅ 注册节点: 视频录制", "module": "plugin_manager", "func_name": "load_plugin_nodes", "line_number": 383, "context": {}}
{"timestamp": "2026-05-15 13:32:51.662", "level": "INFO", "message": "   ✅ 注册节点: 快速检测", "module": "plugin_manager", "func_name": "load_plugin_nodes", "line_number": 383, "context": {}}
{"timestamp": "2026-05-15 13:32:51.665", "level": "INFO", "message": "   ✅ 注册节点: 数据显示", "module": "plugin_manager", "func_name": "load_plugin_nodes", "line_number": 383, "context": {}}
{"timestamp": "2026-05-15 13:32:51.670", "level": "INFO", "message": "   ✅ 注册节点: PLC通信", "module": "plugin_manager", "func_name": "load_plugin_nodes", "line_number": 383, "context": {}}
{"timestamp": "2026-05-15 13:32:51.673", "level": "INFO", "message": "   ✅ 注册节点: 数据输出", "module": "plugin_manager", "func_name": "load_plugin_nodes", "line_number": 383, "context": {}}
{"timestamp": "2026-05-15 13:32:51.676", "level": "INFO", "message": "   ✅ 注册节点: 机器人通信", "module": "plugin_manager", "func_name": "load_plugin_nodes", "line_number": 383, "context": {}}
{"timestamp": "2026-05-15 13:32:51.680", "level": "INFO", "message": "   ✅ 注册节点: 圆检测", "module": "plugin_manager", "func_name": "load_plugin_nodes", "line_number": 383, "context": {}}
{"timestamp": "2026-05-15 13:32:51.682", "level": "INFO", "message": "   ✅ 注册节点: 金字塔", "module": "plugin_manager", "func_name": "load_plugin_nodes", "line_number": 383, "context": {}}
{"timestamp": "2026-05-15 13:32:51.686", "level": "INFO", "message": "✅ 插件 内置节点 加载完成，注册 35 个节点", "module": "plugin_manager", "func_name": "load_plugin_nodes", "line_number": 387, "context": {}}
{"timestamp": "2026-05-15 13:32:51.708", "level": "INFO", "message": "   📋 注册到工作流: 图像操作", "module": "node_registry", "func_name": "register_nodes_to_graph", "line_number": 121, "context": {}}
{"timestamp": "2026-05-15 13:32:51.711", "level": "INFO", "message": "   📋 注册到工作流: 灰度化", "module": "node_registry", "func_name": "register_nodes_to_graph", "line_number": 121, "context": {}}
{"timestamp": "2026-05-15 13:32:51.714", "level": "INFO", "message": "   📋 注册到工作流: 高斯模糊", "module": "node_registry", "func_name": "register_nodes_to_graph", "line_number": 121, "context": {}}
{"timestamp": "2026-05-15 13:32:51.718", "level": "INFO", "message": "   📋 注册到工作流: 中值模糊", "module": "node_registry", "func_name": "register_nodes_to_graph", "line_number": 121, "context": {}}
{"timestamp": "2026-05-15 13:32:51.723", "level": "INFO", "message": "   📋 注册到工作流: 双边滤波", "module": "node_registry", "func_name": "register_nodes_to_graph", "line_number": 121, "context": {}}
{"timestamp": "2026-05-15 13:32:51.726", "level": "INFO", "message": "   📋 注册到工作流: 亮度对比度", "module": "node_registry", "func_name": "register_nodes_to_graph", "line_number": 121, "context": {}}
{"timestamp": "2026-05-15 13:32:51.729", "level": "INFO", "message": "   📋 注册到工作流: 直方图均衡化", "module": "node_registry", "func_name": "register_nodes_to_graph", "line_number": 121, "context": {}}
{"timestamp": "2026-05-15 13:32:51.732", "level": "INFO", "message": "   📋 注册到工作流: 阈值处理", "module": "node_registry", "func_name": "register_nodes_to_graph", "line_number": 121, "context": {}}
{"timestamp": "2026-05-15 13:32:51.736", "level": "INFO", "message": "   📋 注册到工作流: 自适应阈值", "module": "node_registry", "func_name": "register_nodes_to_graph", "line_number": 121, "context": {}}
{"timestamp": "2026-05-15 13:32:51.739", "level": "INFO", "message": "   📋 注册到工作流: 形态学", "module": "node_registry", "func_name": "register_nodes_to_graph", "line_number": 121, "context": {}}
{"timestamp": "2026-05-15 13:32:51.741", "level": "INFO", "message": "   📋 注册到工作流: 图像缩放", "module": "node_registry", "func_name": "register_nodes_to_graph", "line_number": 121, "context": {}}
{"timestamp": "2026-05-15 13:32:51.744", "level": "INFO", "message": "   📋 注册到工作流: 图像旋转", "module": "node_registry", "func_name": "register_nodes_to_graph", "line_number": 121, "context": {}}
{"timestamp": "2026-05-15 13:32:51.748", "level": "INFO", "message": "   📋 注册到工作流: 图像评估", "module": "node_registry", "func_name": "register_nodes_to_graph", "line_number": 121, "context": {}}
{"timestamp": "2026-05-15 13:32:51.753", "level": "INFO", "message": "   📋 注册到工作流: Canny算子", "module": "node_registry", "func_name": "register_nodes_to_graph", "line_number": 121, "context": {}}
{"timestamp": "2026-05-15 13:32:51.756", "level": "INFO", "message": "   📋 注册到工作流: Sobel算子", "module": "node_registry", "func_name": "register_nodes_to_graph", "line_number": 121, "context": {}}
{"timestamp": "2026-05-15 13:32:51.758", "level": "INFO", "message": "   📋 注册到工作流: 轮廓分析", "module": "node_registry", "func_name": "register_nodes_to_graph", "line_number": 121, "context": {}}
{"timestamp": "2026-05-15 13:32:51.761", "level": "INFO", "message": "   📋 注册到工作流: Laplacian算子", "module": "node_registry", "func_name": "register_nodes_to_graph", "line_number": 121, "context": {}}
{"timestamp": "2026-05-15 13:32:51.764", "level": "INFO", "message": "   📋 注册到工作流: Harris角点", "module": "node_registry", "func_name": "register_nodes_to_graph", "line_number": 121, "context": {}}
{"timestamp": "2026-05-15 13:32:51.767", "level": "INFO", "message": "   📋 注册到工作流: Hough直线", "module": "node_registry", "func_name": "register_nodes_to_graph", "line_number": 121, "context": {}}
{"timestamp": "2026-05-15 13:32:51.770", "level": "INFO", "message": "   📋 注册到工作流: Hough圆", "module": "node_registry", "func_name": "register_nodes_to_graph", "line_number": 121, "context": {}}
{"timestamp": "2026-05-15 13:32:51.773", "level": "INFO", "message": "   📋 注册到工作流: 模板创建", "module": "node_registry", "func_name": "register_nodes_to_graph", "line_number": 121, "context": {}}
{"timestamp": "2026-05-15 13:32:51.776", "level": "INFO", "message": "   📋 注册到工作流: 模板匹配", "module": "node_registry", "func_name": "register_nodes_to_graph", "line_number": 121, "context": {}}
{"timestamp": "2026-05-15 13:32:51.779", "level": "INFO", "message": "   📋 注册到工作流: 图像加载", "module": "node_registry", "func_name": "register_nodes_to_graph", "line_number": 121, "context": {}}
{"timestamp": "2026-05-15 13:32:51.782", "level": "INFO", "message": "   📋 注册到工作流: 图像保存", "module": "node_registry", "func_name": "register_nodes_to_graph", "line_number": 121, "context": {}}
{"timestamp": "2026-05-15 13:32:51.785", "level": "INFO", "message": "   📋 注册到工作流: 图像显示", "module": "node_registry", "func_name": "register_nodes_to_graph", "line_number": 121, "context": {}}
{"timestamp": "2026-05-15 13:32:51.788", "level": "INFO", "message": "   📋 注册到工作流: 相机采集", "module": "node_registry", "func_name": "register_nodes_to_graph", "line_number": 121, "context": {}}
{"timestamp": "2026-05-15 13:32:51.791", "level": "INFO", "message": "   📋 注册到工作流: 实时预览", "module": "node_registry", "func_name": "register_nodes_to_graph", "line_number": 121, "context": {}}
{"timestamp": "2026-05-15 13:32:51.794", "level": "INFO", "message": "   📋 注册到工作流: 视频录制", "module": "node_registry", "func_name": "register_nodes_to_graph", "line_number": 121, "context": {}}
{"timestamp": "2026-05-15 13:32:51.796", "level": "INFO", "message": "   📋 注册到工作流: 快速检测", "module": "node_registry", "func_name": "register_nodes_to_graph", "line_number": 121, "context": {}}
{"timestamp": "2026-05-15 13:32:51.799", "level": "INFO", "message": "   📋 注册到工作流: JSON显示", "module": "node_registry", "func_name": "register_nodes_to_graph", "line_number": 121, "context": {}}
{"timestamp": "2026-05-15 13:32:51.802", "level": "INFO", "message": "   📋 注册到工作流: PLC通信", "module": "node_registry", "func_name": "register_nodes_to_graph", "line_number": 121, "context": {}}
{"timestamp": "2026-05-15 13:32:51.805", "level": "INFO", "message": "   📋 注册到工作流: 数据输出", "module": "node_registry", "func_name": "register_nodes_to_graph", "line_number": 121, "context": {}}
{"timestamp": "2026-05-15 13:32:51.808", "level": "INFO", "message": "   📋 注册到工作流: 机器人通信", "module": "node_registry", "func_name": "register_nodes_to_graph", "line_number": 121, "context": {}}
{"timestamp": "2026-05-15 13:32:51.810", "level": "INFO", "message": "   📋 注册到工作流: 圆检测", "module": "node_registry", "func_name": "register_nodes_to_graph", "line_number": 121, "context": {}}
{"timestamp": "2026-05-15 13:32:51.813", "level": "INFO", "message": "   📋 注册到工作流: 金字塔", "module": "node_registry", "func_name": "register_nodes_to_graph", "line_number": 121, "context": {}}
{"timestamp": "2026-05-15 13:32:51.815", "level": "INFO", "message": "✅ ✅ 插件 内置节点 注册完成", "module": "node_registry", "func_name": "register_nodes_to_graph", "line_number": 124, "context": {}}
{"timestamp": "2026-05-15 13:32:51.820", "level": "INFO", "message": "\n--- 处理插件: OCR识别 ---", "module": "node_registry", "func_name": "register_nodes_to_graph", "line_number": 107, "context": {}}
{"timestamp": "2026-05-15 13:32:51.836", "level": "INFO", "message": "   ✅ 注册节点: OCR 文字识别", "module": "plugin_manager", "func_name": "load_plugin_nodes", "line_number": 383, "context": {}}
{"timestamp": "2026-05-15 13:32:51.839", "level": "INFO", "message": "   ✅ 注册节点: OCR 表格识别", "module": "plugin_manager", "func_name": "load_plugin_nodes", "line_number": 383, "context": {}}
{"timestamp": "2026-05-15 13:32:51.841", "level": "INFO", "message": "   ✅ 注册节点: OCR 版面分析", "module": "plugin_manager", "func_name": "load_plugin_nodes", "line_number": 383, "context": {}}
{"timestamp": "2026-05-15 13:32:51.845", "level": "INFO", "message": "✅ 插件 OCR识别 加载完成，注册 3 个节点", "module": "plugin_manager", "func_name": "load_plugin_nodes", "line_number": 387, "context": {}}
{"timestamp": "2026-05-15 13:32:51.854", "level": "INFO", "message": "   📋 注册到工作流: OCR 文字识别", "module": "node_registry", "func_name": "register_nodes_to_graph", "line_number": 121, "context": {}}
{"timestamp": "2026-05-15 13:32:51.857", "level": "INFO", "message": "   📋 注册到工作流: OCR 表格识别", "module": "node_registry", "func_name": "register_nodes_to_graph", "line_number": 121, "context": {}}
{"timestamp": "2026-05-15 13:32:51.860", "level": "INFO", "message": "   📋 注册到工作流: OCR 版面分析", "module": "node_registry", "func_name": "register_nodes_to_graph", "line_number": 121, "context": {}}
{"timestamp": "2026-05-15 13:32:51.863", "level": "INFO", "message": "✅ ✅ 插件 OCR识别 注册完成", "module": "node_registry", "func_name": "register_nodes_to_graph", "line_number": 124, "context": {}}
{"timestamp": "2026-05-15 13:32:51.865", "level": "INFO", "message": "\n--- 处理插件: YOLO视觉 ---", "module": "node_registry", "func_name": "register_nodes_to_graph", "line_number": 107, "context": {}}
{"timestamp": "2026-05-15 13:32:51.895", "level": "INFO", "message": "   ✅ 注册节点: 目标检测", "module": "plugin_manager", "func_name": "load_plugin_nodes", "line_number": 383, "context": {}}
{"timestamp": "2026-05-15 13:32:51.898", "level": "INFO", "message": "   ✅ 注册节点: 图像分类", "module": "plugin_manager", "func_name": "load_plugin_nodes", "line_number": 383, "context": {}}
{"timestamp": "2026-05-15 13:32:51.902", "level": "INFO", "message": "   ✅ 注册节点: 实例分割", "module": "plugin_manager", "func_name": "load_plugin_nodes", "line_number": 383, "context": {}}
{"timestamp": "2026-05-15 13:32:51.906", "level": "INFO", "message": "   ✅ 注册节点: 姿态估计", "module": "plugin_manager", "func_name": "load_plugin_nodes", "line_number": 383, "context": {}}
{"timestamp": "2026-05-15 13:32:51.908", "level": "INFO", "message": "   ✅ 注册节点: 标注辅助", "module": "plugin_manager", "func_name": "load_plugin_nodes", "line_number": 383, "context": {}}
{"timestamp": "2026-05-15 13:32:51.911", "level": "INFO", "message": "   ✅ 注册节点: 模型训练", "module": "plugin_manager", "func_name": "load_plugin_nodes", "line_number": 383, "context": {}}
{"timestamp": "2026-05-15 13:32:51.914", "level": "INFO", "message": "   ✅ 注册节点: 模型量化", "module": "plugin_manager", "func_name": "load_plugin_nodes", "line_number": 383, "context": {}}
{"timestamp": "2026-05-15 13:32:51.918", "level": "INFO", "message": "✅ 插件 YOLO视觉 加载完成，注册 7 个节点", "module": "plugin_manager", "func_name": "load_plugin_nodes", "line_number": 387, "context": {}}
{"timestamp": "2026-05-15 13:32:51.929", "level": "INFO", "message": "   📋 注册到工作流: 目标检测", "module": "node_registry", "func_name": "register_nodes_to_graph", "line_number": 121, "context": {}}
{"timestamp": "2026-05-15 13:32:51.932", "level": "INFO", "message": "   📋 注册到工作流: 图像分类", "module": "node_registry", "func_name": "register_nodes_to_graph", "line_number": 121, "context": {}}
{"timestamp": "2026-05-15 13:32:51.935", "level": "INFO", "message": "   📋 注册到工作流: 实例分割", "module": "node_registry", "func_name": "register_nodes_to_graph", "line_number": 121, "context": {}}
{"timestamp": "2026-05-15 13:32:51.938", "level": "INFO", "message": "   📋 注册到工作流: 姿态估计", "module": "node_registry", "func_name": "register_nodes_to_graph", "line_number": 121, "context": {}}
{"timestamp": "2026-05-15 13:32:51.941", "level": "INFO", "message": "   📋 注册到工作流: 标注辅助", "module": "node_registry", "func_name": "register_nodes_to_graph", "line_number": 121, "context": {}}
{"timestamp": "2026-05-15 13:32:51.944", "level": "INFO", "message": "   📋 注册到工作流: 模型训练", "module": "node_registry", "func_name": "register_nodes_to_graph", "line_number": 121, "context": {}}
{"timestamp": "2026-05-15 13:32:51.946", "level": "INFO", "message": "   📋 注册到工作流: 模型量化", "module": "node_registry", "func_name": "register_nodes_to_graph", "line_number": 121, "context": {}}
{"timestamp": "2026-05-15 13:32:51.950", "level": "INFO", "message": "✅ ✅ 插件 YOLO视觉 注册完成", "module": "node_registry", "func_name": "register_nodes_to_graph", "line_number": 124, "context": {}}
{"timestamp": "2026-05-15 13:32:51.953", "level": "INFO", "message": "\n============================================================", "module": "node_registry", "func_name": "register_nodes_to_graph", "line_number": 131, "context": {}}
{"timestamp": "2026-05-15 13:32:51.956", "level": "INFO", "message": "✅ ✅ 节点注册完成，共注册 45 个节点类型", "module": "node_registry", "func_name": "register_nodes_to_graph", "line_number": 132, "context": {}}
{"timestamp": "2026-05-15 13:32:51.959", "level": "INFO", "message": "============================================================", "module": "node_registry", "func_name": "register_nodes_to_graph", "line_number": 133, "context": {}}
{"timestamp": "2026-05-15 13:32:51.976", "level": "INFO", "message": "🔄 切换到工作流: 工作流 1", "module": "project_ui_manager", "func_name": "on_tab_changed", "line_number": 168, "context": {}}
{"timestamp": "2026-05-15 13:32:51.979", "level": "INFO", "message": "首次创建工作流，初始化共享组件...", "module": "project_ui_manager", "func_name": "add_workflow_tab", "line_number": 109, "context": {}}
{"timestamp": "2026-05-15 13:32:51.987", "level": "INFO", "message": "📋 从插件 内置节点 获取到 group 排序: ['Image_Source', 'Image_Analysis', 'Image_Transform', 'Image_Process', 'Integration', 'OCR', 'YOLO']", "module": "main_window", "func_name": "_rename_palette_tabs_by_category", "line_number": 1796, "context": {}}
{"timestamp": "2026-05-15 13:32:51.991", "level": "INFO", "message": "🔄 节点库标签重命名: 'Image_Analysis' -> '图像分析'", "module": "main_window", "func_name": "_rename_palette_tabs_by_category", "line_number": 1811, "context": {}}
{"timestamp": "2026-05-15 13:32:51.995", "level": "INFO", "message": "🔄 节点库标签重命名: 'Image_Transform' -> '图像变换'", "module": "main_window", "func_name": "_rename_palette_tabs_by_category", "line_number": 1811, "context": {}}
{"timestamp": "2026-05-15 13:32:51.997", "level": "INFO", "message": "🔄 节点库标签重命名: 'Image_Process' -> '图像处理'", "module": "main_window", "func_name": "_rename_palette_tabs_by_category", "line_number": 1811, "context": {}}
{"timestamp": "2026-05-15 13:32:52.001", "level": "INFO", "message": "🔄 节点库标签重命名: 'Image_Source' -> '图像源'", "module": "main_window", "func_name": "_rename_palette_tabs_by_category", "line_number": 1811, "context": {}}
{"timestamp": "2026-05-15 13:32:52.005", "level": "INFO", "message": "🔄 节点库标签重命名: 'Integration' -> '系统集成'", "module": "main_window", "func_name": "_rename_palette_tabs_by_category", "line_number": 1811, "context": {}}
{"timestamp": "2026-05-15 13:32:52.009", "level": "INFO", "message": "🔄 节点库标签重命名: 'ocr_vision' -> 'OCR'", "module": "main_window", "func_name": "_rename_palette_tabs_by_category", "line_number": 1815, "context": {}}
{"timestamp": "2026-05-15 13:32:52.012", "level": "INFO", "message": "🔄 节点库标签重命名: 'yolo_vision' -> 'YOLO'", "module": "main_window", "func_name": "_rename_palette_tabs_by_category", "line_number": 1815, "context": {}}
{"timestamp": "2026-05-15 13:32:52.016", "level": "INFO", "message": "🔄 排序后的标签顺序: ['图像源', '图像分析', '图像变换', '图像处理', '系统集成', 'OCR', 'YOLO', 'nodeGraphQt.nodes']", "module": "main_window", "func_name": "_rename_palette_tabs_by_category", "line_number": 1840, "context": {}}
{"timestamp": "2026-05-15 13:32:52.021", "level": "INFO", "message": "✅ 节点库标签重命名和排序完成", "module": "main_window", "func_name": "_rename_palette_tabs_by_category", "line_number": 1861, "context": {}}
{"timestamp": "2026-05-15 13:32:52.024", "level": "INFO", "message": "✅ 节点库按知识结构重新分组完成", "module": "main_window", "func_name": "_regroup_nodes_by_knowledge_structure", "line_number": 1757, "context": {}}
{"timestamp": "2026-05-15 13:32:52.026", "level": "INFO", "message": "✅ nodeGraphQt.nodes 标签已隐藏", "module": "main_window", "func_name": "_customize_node_palette", "line_number": 1549, "context": {}}
{"timestamp": "2026-05-15 13:32:52.038", "level": "INFO", "message": "✅ 共享组件初始化完成", "module": "main_window", "func_name": "_initialize_shared_components", "line_number": 461, "context": {}}
{"timestamp": "2026-05-15 13:32:52.041", "level": "INFO", "message": "🔄 切换到工作流: 工作流 1", "module": "project_ui_manager", "func_name": "on_tab_changed", "line_number": 168, "context": {}}
{"timestamp": "2026-05-15 13:32:52.043", "level": "INFO", "message": "✅ ✅ 添加工作流标签页: 工作流 1", "module": "project_ui_manager", "func_name": "add_workflow_tab", "line_number": 116, "context": {}}
{"timestamp": "2026-05-15 13:32:52.075", "level": "INFO", "message": "启动时应用保存的主题: light", "module": "theme", "func_name": "_apply_saved_theme", "line_number": 117, "context": {}}
{"timestamp": "2026-05-15 13:32:52.099", "level": "INFO", "message": "主题已切换为: light", "module": "theme", "func_name": "apply_theme", "line_number": 159, "context": {}}
{"timestamp": "2026-05-15 13:32:52.125", "level": "INFO", "message": "🎨 启动时应用主题: light", "module": "main_window", "func_name": "_apply_theme_on_startup", "line_number": 1375, "context": {}}
{"timestamp": "2026-05-15 13:33:46.342", "level": "INFO", "message": "\n🔄 检测到插件变化: 内置节点", "module": "plugin_manager", "func_name": "_on_plugin_changed", "line_number": 577, "context": {}}
{"timestamp": "2026-05-15 13:33:46.348", "level": "INFO", "message": "✅ 插件 内置节点 已卸载", "module": "plugin_manager", "func_name": "unload_plugin_nodes", "line_number": 514, "context": {}}
{"timestamp": "2026-05-15 13:33:46.354", "level": "INFO", "message": "✅ 插件元数据已更新: 内置节点", "module": "plugin_manager", "func_name": "_on_plugin_changed", "line_number": 590, "context": {}}
{"timestamp": "2026-05-15 13:33:46.358", "level": "INFO", "message": "💡 提示：请刷新NodeGraph以应用更改", "module": "plugin_manager", "func_name": "_on_plugin_changed", "line_number": 597, "context": {}}
